{"/home/david/digischool/ecole-app/apps/api/src/app.ts": {"path":"/home/david/digischool/ecole-app/apps/api/src/app.ts","statementMap":{"0":{"start":{"line":14,"column":0},"end":{"line":14,"column":16}},"1":{"start":{"line":1,"column":0},"end":{"line":1,"column":30}},"2":{"start":{"line":2,"column":0},"end":{"line":2,"column":24}},"3":{"start":{"line":3,"column":0},"end":{"line":3,"column":28}},"4":{"start":{"line":4,"column":0},"end":{"line":4,"column":28}},"5":{"start":{"line":5,"column":0},"end":{"line":5,"column":41}},"6":{"start":{"line":6,"column":0},"end":{"line":6,"column":43}},"7":{"start":{"line":7,"column":0},"end":{"line":7,"column":38}},"8":{"start":{"line":8,"column":0},"end":{"line":8,"column":24}},"9":{"start":{"line":9,"column":0},"end":{"line":9,"column":36}},"10":{"start":{"line":10,"column":0},"end":{"line":10,"column":35}},"11":{"start":{"line":11,"column":0},"end":{"line":11,"column":37}},"12":{"start":{"line":12,"column":0},"end":{"line":12,"column":68}},"13":{"start":{"line":15,"column":14},"end":{"line":15,"column":23}},"14":{"start":{"line":17,"column":2},"end":{"line":17,"column":77}},"15":{"start":{"line":18,"column":2},"end":{"line":23,"column":4}},"16":{"start":{"line":24,"column":2},"end":{"line":24,"column":25}},"17":{"start":{"line":25,"column":2},"end":{"line":25,"column":42}},"18":{"start":{"line":26,"column":2},"end":{"line":26,"column":26}},"19":{"start":{"line":27,"column":2},"end":{"line":27,"column":30}},"20":{"start":{"line":29,"column":2},"end":{"line":32,"column":5}},"21":{"start":{"line":30,"column":4},"end":{"line":30,"column":33}},"22":{"start":{"line":31,"column":4},"end":{"line":31,"column":11}},"23":{"start":{"line":34,"column":18},"end":{"line":37,"column":4}},"24":{"start":{"line":38,"column":2},"end":{"line":38,"column":28}},"25":{"start":{"line":40,"column":23},"end":{"line":44,"column":4}},"26":{"start":{"line":45,"column":2},"end":{"line":45,"column":46}},"27":{"start":{"line":47,"column":2},"end":{"line":47,"column":68}},"28":{"start":{"line":48,"column":2},"end":{"line":48,"column":32}},"29":{"start":{"line":49,"column":2},"end":{"line":49,"column":27}},"30":{"start":{"line":50,"column":2},"end":{"line":50,"column":24}},"31":{"start":{"line":52,"column":2},"end":{"line":52,"column":13}}},"fnMap":{"0":{"name":"createApp","decl":{"start":{"line":14,"column":16},"end":{"line":14,"column":25}},"loc":{"start":{"line":14,"column":25},"end":{"line":53,"column":1}}},"1":{"name":"(anonymous_2)","decl":{"start":{"line":29,"column":10},"end":{"line":29,"column":11}},"loc":{"start":{"line":29,"column":30},"end":{"line":32,"column":3}}}},"branchMap":{"0":{"loc":{"start":{"line":36,"column":9},"end":{"line":36,"column":52}},"type":"cond-expr","locations":[{"start":{"line":36,"column":41},"end":{"line":36,"column":45}},{"start":{"line":36,"column":48},"end":{"line":36,"column":52}}]}},"s":{"0":1,"1":1,"2":1,"3":1,"4":1,"5":1,"6":1,"7":1,"8":1,"9":1,"10":1,"11":1,"12":1,"13":1,"14":1,"15":1,"16":1,"17":1,"18":1,"19":1,"20":1,"21":5,"22":5,"23":1,"24":1,"25":1,"26":1,"27":1,"28":1,"29":1,"30":1,"31":1},"f":{"0":1,"1":5},"b":{"0":[0,1]}}
,"/home/david/digischool/ecole-app/apps/api/src/config/env.ts": {"path":"/home/david/digischool/ecole-app/apps/api/src/config/env.ts","statementMap":{"0":{"start":{"line":1,"column":0},"end":{"line":1,"column":28}},"1":{"start":{"line":2,"column":0},"end":{"line":2,"column":24}},"2":{"start":{"line":4,"column":0},"end":{"line":4,"column":69}},"3":{"start":{"line":6,"column":13},"end":{"line":22,"column":2}}},"fnMap":{},"branchMap":{"0":{"loc":{"start":{"line":7,"column":12},"end":{"line":7,"column":49}},"type":"binary-expr","locations":[{"start":{"line":7,"column":12},"end":{"line":7,"column":32}},{"start":{"line":7,"column":36},"end":{"line":7,"column":49}}]},"1":{"loc":{"start":{"line":8,"column":17},"end":{"line":8,"column":43}},"type":"binary-expr","locations":[{"start":{"line":8,"column":17},"end":{"line":8,"column":33}},{"start":{"line":8,"column":37},"end":{"line":8,"column":43}}]},"2":{"loc":{"start":{"line":9,"column":11},"end":{"line":9,"column":50}},"type":"binary-expr","locations":[{"start":{"line":9,"column":11},"end":{"line":9,"column":30}},{"start":{"line":9,"column":34},"end":{"line":9,"column":50}}]},"3":{"loc":{"start":{"line":10,"column":20},"end":{"line":10,"column":50}},"type":"binary-expr","locations":[{"start":{"line":10,"column":20},"end":{"line":10,"column":39}},{"start":{"line":10,"column":43},"end":{"line":10,"column":50}}]},"4":{"loc":{"start":{"line":11,"column":11},"end":{"line":11,"column":45}},"type":"binary-expr","locations":[{"start":{"line":11,"column":11},"end":{"line":11,"column":30}},{"start":{"line":11,"column":34},"end":{"line":11,"column":45}}]},"5":{"loc":{"start":{"line":12,"column":11},"end":{"line":12,"column":41}},"type":"binary-expr","locations":[{"start":{"line":12,"column":11},"end":{"line":12,"column":30}},{"start":{"line":12,"column":34},"end":{"line":12,"column":41}}]},"6":{"loc":{"start":{"line":13,"column":15},"end":{"line":13,"column":44}},"type":"binary-expr","locations":[{"start":{"line":13,"column":15},"end":{"line":13,"column":38}},{"start":{"line":13,"column":42},"end":{"line":13,"column":44}}]},"7":{"loc":{"start":{"line":14,"column":21},"end":{"line":14,"column":93}},"type":"binary-expr","locations":[{"start":{"line":14,"column":21},"end":{"line":14,"column":50}},{"start":{"line":14,"column":54},"end":{"line":14,"column":93}}]},"8":{"loc":{"start":{"line":15,"column":22},"end":{"line":15,"column":96}},"type":"binary-expr","locations":[{"start":{"line":15,"column":22},"end":{"line":15,"column":52}},{"start":{"line":15,"column":56},"end":{"line":15,"column":96}}]},"9":{"loc":{"start":{"line":16,"column":18},"end":{"line":16,"column":53}},"type":"binary-expr","locations":[{"start":{"line":16,"column":18},"end":{"line":16,"column":44}},{"start":{"line":16,"column":48},"end":{"line":16,"column":53}}]},"10":{"loc":{"start":{"line":17,"column":19},"end":{"line":17,"column":54}},"type":"binary-expr","locations":[{"start":{"line":17,"column":19},"end":{"line":17,"column":46}},{"start":{"line":17,"column":50},"end":{"line":17,"column":54}}]},"11":{"loc":{"start":{"line":18,"column":26},"end":{"line":18,"column":59}},"type":"binary-expr","locations":[{"start":{"line":18,"column":26},"end":{"line":18,"column":51}},{"start":{"line":18,"column":55},"end":{"line":18,"column":59}}]},"12":{"loc":{"start":{"line":19,"column":14},"end":{"line":19,"column":51}},"type":"binary-expr","locations":[{"start":{"line":19,"column":14},"end":{"line":19,"column":36}},{"start":{"line":19,"column":40},"end":{"line":19,"column":51}}]},"13":{"loc":{"start":{"line":20,"column":13},"end":{"line":20,"column":61}},"type":"binary-expr","locations":[{"start":{"line":20,"column":13},"end":{"line":20,"column":34}},{"start":{"line":20,"column":38},"end":{"line":20,"column":61}}]},"14":{"loc":{"start":{"line":21,"column":13},"end":{"line":21,"column":44}},"type":"binary-expr","locations":[{"start":{"line":21,"column":13},"end":{"line":21,"column":34}},{"start":{"line":21,"column":38},"end":{"line":21,"column":44}}]}},"s":{"0":2,"1":2,"2":2,"3":2},"f":{},"b":{"0":[2,0],"1":[2,0],"2":[2,0],"3":[2,0],"4":[2,0],"5":[2,0],"6":[2,0],"7":[2,0],"8":[2,0],"9":[2,0],"10":[2,0],"11":[2,0],"12":[2,0],"13":[2,0],"14":[2,0]}}
,"/home/david/digischool/ecole-app/apps/api/src/db/index.ts": {"path":"/home/david/digischool/ecole-app/apps/api/src/db/index.ts","statementMap":{"0":{"start":{"line":1,"column":0},"end":{"line":1,"column":38}},"1":{"start":{"line":2,"column":0},"end":{"line":2,"column":36}},"2":{"start":{"line":4,"column":13},"end":{"line":12,"column":3}}},"fnMap":{},"branchMap":{"0":{"loc":{"start":{"line":9,"column":11},"end":{"line":9,"column":63}},"type":"cond-expr","locations":[{"start":{"line":9,"column":44},"end":{"line":9,"column":55}},{"start":{"line":9,"column":58},"end":{"line":9,"column":63}}]}},"s":{"0":1,"1":1,"2":1},"f":{},"b":{"0":[0,1]}}
,"/home/david/digischool/ecole-app/apps/api/src/db/models/Admin.ts": {"path":"/home/david/digischool/ecole-app/apps/api/src/db/models/Admin.ts","statementMap":{"0":{"start":{"line":1,"column":0},"end":{"line":1,"column":55}},"1":{"start":{"line":2,"column":0},"end":{"line":2,"column":37}},"2":{"start":{"line":4,"column":12},"end":{"line":4,"column":44}},"3":{"start":{"line":6,"column":0},"end":{"line":6,"column":13}},"4":{"start":{"line":18,"column":0},"end":{"line":32,"column":2}}},"fnMap":{},"branchMap":{},"s":{"0":1,"1":1,"2":1,"3":1,"4":1},"f":{},"b":{}}
,"/home/david/digischool/ecole-app/apps/api/src/db/models/AnneeAcademique.ts": {"path":"/home/david/digischool/ecole-app/apps/api/src/db/models/AnneeAcademique.ts","statementMap":{"0":{"start":{"line":1,"column":0},"end":{"line":1,"column":55}},"1":{"start":{"line":2,"column":0},"end":{"line":2,"column":37}},"2":{"start":{"line":4,"column":12},"end":{"line":4,"column":44}},"3":{"start":{"line":6,"column":0},"end":{"line":6,"column":13}},"4":{"start":{"line":14,"column":0},"end":{"line":24,"column":2}}},"fnMap":{},"branchMap":{},"s":{"0":1,"1":1,"2":1,"3":1,"4":1},"f":{},"b":{}}
,"/home/david/digischool/ecole-app/apps/api/src/db/models/AuditLog.ts": {"path":"/home/david/digischool/ecole-app/apps/api/src/db/models/AuditLog.ts","statementMap":{"0":{"start":{"line":1,"column":0},"end":{"line":1,"column":55}},"1":{"start":{"line":2,"column":0},"end":{"line":2,"column":37}},"2":{"start":{"line":4,"column":12},"end":{"line":4,"column":44}},"3":{"start":{"line":6,"column":0},"end":{"line":6,"column":13}},"4":{"start":{"line":17,"column":0},"end":{"line":30,"column":2}}},"fnMap":{},"branchMap":{},"s":{"0":1,"1":1,"2":1,"3":1,"4":1},"f":{},"b":{}}
,"/home/david/digischool/ecole-app/apps/api/src/db/models/Bulletin.ts": {"path":"/home/david/digischool/ecole-app/apps/api/src/db/models/Bulletin.ts","statementMap":{"0":{"start":{"line":1,"column":0},"end":{"line":1,"column":55}},"1":{"start":{"line":2,"column":0},"end":{"line":2,"column":37}},"2":{"start":{"line":4,"column":12},"end":{"line":4,"column":44}},"3":{"start":{"line":6,"column":0},"end":{"line":6,"column":13}},"4":{"start":{"line":16,"column":0},"end":{"line":28,"column":2}}},"fnMap":{},"branchMap":{},"s":{"0":1,"1":1,"2":1,"3":1,"4":1},"f":{},"b":{}}
,"/home/david/digischool/ecole-app/apps/api/src/db/models/Classe.ts": {"path":"/home/david/digischool/ecole-app/apps/api/src/db/models/Classe.ts","statementMap":{"0":{"start":{"line":1,"column":0},"end":{"line":1,"column":55}},"1":{"start":{"line":2,"column":0},"end":{"line":2,"column":37}},"2":{"start":{"line":4,"column":12},"end":{"line":4,"column":44}},"3":{"start":{"line":6,"column":0},"end":{"line":6,"column":13}},"4":{"start":{"line":14,"column":0},"end":{"line":24,"column":2}}},"fnMap":{},"branchMap":{},"s":{"0":1,"1":1,"2":1,"3":1,"4":1},"f":{},"b":{}}
,"/home/david/digischool/ecole-app/apps/api/src/db/models/Cours.ts": {"path":"/home/david/digischool/ecole-app/apps/api/src/db/models/Cours.ts","statementMap":{"0":{"start":{"line":1,"column":0},"end":{"line":1,"column":55}},"1":{"start":{"line":2,"column":0},"end":{"line":2,"column":37}},"2":{"start":{"line":4,"column":12},"end":{"line":4,"column":44}},"3":{"start":{"line":6,"column":0},"end":{"line":6,"column":13}},"4":{"start":{"line":18,"column":0},"end":{"line":32,"column":2}}},"fnMap":{},"branchMap":{},"s":{"0":1,"1":1,"2":1,"3":1,"4":1},"f":{},"b":{}}
,"/home/david/digischool/ecole-app/apps/api/src/db/models/Cycle.ts": {"path":"/home/david/digischool/ecole-app/apps/api/src/db/models/Cycle.ts","statementMap":{"0":{"start":{"line":1,"column":0},"end":{"line":1,"column":55}},"1":{"start":{"line":2,"column":0},"end":{"line":2,"column":37}},"2":{"start":{"line":4,"column":12},"end":{"line":4,"column":44}},"3":{"start":{"line":6,"column":0},"end":{"line":6,"column":13}},"4":{"start":{"line":14,"column":0},"end":{"line":24,"column":2}}},"fnMap":{},"branchMap":{},"s":{"0":1,"1":1,"2":1,"3":1,"4":1},"f":{},"b":{}}
,"/home/david/digischool/ecole-app/apps/api/src/db/models/Discipline.ts": {"path":"/home/david/digischool/ecole-app/apps/api/src/db/models/Discipline.ts","statementMap":{"0":{"start":{"line":1,"column":0},"end":{"line":1,"column":55}},"1":{"start":{"line":2,"column":0},"end":{"line":2,"column":37}},"2":{"start":{"line":4,"column":12},"end":{"line":4,"column":44}},"3":{"start":{"line":6,"column":0},"end":{"line":6,"column":13}},"4":{"start":{"line":11,"column":0},"end":{"line":18,"column":2}}},"fnMap":{},"branchMap":{},"s":{"0":1,"1":1,"2":1,"3":1,"4":1},"f":{},"b":{}}
,"/home/david/digischool/ecole-app/apps/api/src/db/models/Eleve.ts": {"path":"/home/david/digischool/ecole-app/apps/api/src/db/models/Eleve.ts","statementMap":{"0":{"start":{"line":1,"column":0},"end":{"line":1,"column":55}},"1":{"start":{"line":2,"column":0},"end":{"line":2,"column":37}},"2":{"start":{"line":4,"column":12},"end":{"line":4,"column":44}},"3":{"start":{"line":6,"column":0},"end":{"line":6,"column":13}},"4":{"start":{"line":21,"column":0},"end":{"line":38,"column":2}}},"fnMap":{},"branchMap":{},"s":{"0":1,"1":1,"2":1,"3":1,"4":1},"f":{},"b":{}}
,"/home/david/digischool/ecole-app/apps/api/src/db/models/EmploiDuTemps.ts": {"path":"/home/david/digischool/ecole-app/apps/api/src/db/models/EmploiDuTemps.ts","statementMap":{"0":{"start":{"line":1,"column":0},"end":{"line":1,"column":55}},"1":{"start":{"line":2,"column":0},"end":{"line":2,"column":37}},"2":{"start":{"line":4,"column":12},"end":{"line":4,"column":44}},"3":{"start":{"line":6,"column":0},"end":{"line":6,"column":13}},"4":{"start":{"line":15,"column":0},"end":{"line":26,"column":2}}},"fnMap":{},"branchMap":{},"s":{"0":1,"1":1,"2":1,"3":1,"4":1},"f":{},"b":{}}
,"/home/david/digischool/ecole-app/apps/api/src/db/models/Enseignant.ts": {"path":"/home/david/digischool/ecole-app/apps/api/src/db/models/Enseignant.ts","statementMap":{"0":{"start":{"line":1,"column":0},"end":{"line":1,"column":55}},"1":{"start":{"line":2,"column":0},"end":{"line":2,"column":37}},"2":{"start":{"line":4,"column":12},"end":{"line":4,"column":44}},"3":{"start":{"line":6,"column":0},"end":{"line":6,"column":13}},"4":{"start":{"line":15,"column":0},"end":{"line":26,"column":2}}},"fnMap":{},"branchMap":{},"s":{"0":1,"1":1,"2":1,"3":1,"4":1},"f":{},"b":{}}
,"/home/david/digischool/ecole-app/apps/api/src/db/models/Epreuve.ts": {"path":"/home/david/digischool/ecole-app/apps/api/src/db/models/Epreuve.ts","statementMap":{"0":{"start":{"line":1,"column":0},"end":{"line":1,"column":55}},"1":{"start":{"line":2,"column":0},"end":{"line":2,"column":37}},"2":{"start":{"line":4,"column":12},"end":{"line":4,"column":44}},"3":{"start":{"line":6,"column":0},"end":{"line":6,"column":13}},"4":{"start":{"line":16,"column":0},"end":{"line":28,"column":2}}},"fnMap":{},"branchMap":{},"s":{"0":1,"1":1,"2":1,"3":1,"4":1},"f":{},"b":{}}
,"/home/david/digischool/ecole-app/apps/api/src/db/models/Evaluation.ts": {"path":"/home/david/digischool/ecole-app/apps/api/src/db/models/Evaluation.ts","statementMap":{"0":{"start":{"line":1,"column":0},"end":{"line":1,"column":55}},"1":{"start":{"line":2,"column":0},"end":{"line":2,"column":37}},"2":{"start":{"line":4,"column":12},"end":{"line":4,"column":44}},"3":{"start":{"line":6,"column":0},"end":{"line":6,"column":13}},"4":{"start":{"line":17,"column":0},"end":{"line":30,"column":2}}},"fnMap":{},"branchMap":{},"s":{"0":1,"1":1,"2":1,"3":1,"4":1},"f":{},"b":{}}
,"/home/david/digischool/ecole-app/apps/api/src/db/models/Frequente.ts": {"path":"/home/david/digischool/ecole-app/apps/api/src/db/models/Frequente.ts","statementMap":{"0":{"start":{"line":1,"column":0},"end":{"line":1,"column":55}},"1":{"start":{"line":2,"column":0},"end":{"line":2,"column":37}},"2":{"start":{"line":4,"column":12},"end":{"line":4,"column":44}},"3":{"start":{"line":6,"column":0},"end":{"line":6,"column":13}},"4":{"start":{"line":15,"column":0},"end":{"line":26,"column":2}}},"fnMap":{},"branchMap":{},"s":{"0":1,"1":1,"2":1,"3":1,"4":1},"f":{},"b":{}}
,"/home/david/digischool/ecole-app/apps/api/src/db/models/Livres.ts": {"path":"/home/david/digischool/ecole-app/apps/api/src/db/models/Livres.ts","statementMap":{"0":{"start":{"line":1,"column":0},"end":{"line":1,"column":55}},"1":{"start":{"line":2,"column":0},"end":{"line":2,"column":37}},"2":{"start":{"line":4,"column":12},"end":{"line":4,"column":44}},"3":{"start":{"line":6,"column":0},"end":{"line":6,"column":13}},"4":{"start":{"line":18,"column":0},"end":{"line":32,"column":2}}},"fnMap":{},"branchMap":{},"s":{"0":1,"1":1,"2":1,"3":1,"4":1},"f":{},"b":{}}
,"/home/david/digischool/ecole-app/apps/api/src/db/models/Messages.ts": {"path":"/home/david/digischool/ecole-app/apps/api/src/db/models/Messages.ts","statementMap":{"0":{"start":{"line":1,"column":0},"end":{"line":1,"column":55}},"1":{"start":{"line":2,"column":0},"end":{"line":2,"column":37}},"2":{"start":{"line":4,"column":12},"end":{"line":4,"column":44}},"3":{"start":{"line":6,"column":0},"end":{"line":6,"column":13}},"4":{"start":{"line":17,"column":0},"end":{"line":30,"column":2}}},"fnMap":{},"branchMap":{},"s":{"0":1,"1":1,"2":1,"3":1,"4":1},"f":{},"b":{}}
,"/home/david/digischool/ecole-app/apps/api/src/db/models/Mode.ts": {"path":"/home/david/digischool/ecole-app/apps/api/src/db/models/Mode.ts","statementMap":{"0":{"start":{"line":1,"column":0},"end":{"line":1,"column":55}},"1":{"start":{"line":2,"column":0},"end":{"line":2,"column":37}},"2":{"start":{"line":4,"column":12},"end":{"line":4,"column":44}},"3":{"start":{"line":6,"column":0},"end":{"line":6,"column":13}},"4":{"start":{"line":14,"column":0},"end":{"line":24,"column":2}}},"fnMap":{},"branchMap":{},"s":{"0":1,"1":1,"2":1,"3":1,"4":1},"f":{},"b":{}}
,"/home/david/digischool/ecole-app/apps/api/src/db/models/NatureEpreuve.ts": {"path":"/home/david/digischool/ecole-app/apps/api/src/db/models/NatureEpreuve.ts","statementMap":{"0":{"start":{"line":1,"column":0},"end":{"line":1,"column":55}},"1":{"start":{"line":2,"column":0},"end":{"line":2,"column":37}},"2":{"start":{"line":4,"column":12},"end":{"line":4,"column":44}},"3":{"start":{"line":6,"column":0},"end":{"line":6,"column":13}},"4":{"start":{"line":11,"column":0},"end":{"line":18,"column":2}}},"fnMap":{},"branchMap":{},"s":{"0":1,"1":1,"2":1,"3":1,"4":1},"f":{},"b":{}}
,"/home/david/digischool/ecole-app/apps/api/src/db/models/Paiement.ts": {"path":"/home/david/digischool/ecole-app/apps/api/src/db/models/Paiement.ts","statementMap":{"0":{"start":{"line":1,"column":0},"end":{"line":1,"column":55}},"1":{"start":{"line":2,"column":0},"end":{"line":2,"column":37}},"2":{"start":{"line":4,"column":12},"end":{"line":4,"column":44}},"3":{"start":{"line":6,"column":0},"end":{"line":6,"column":13}},"4":{"start":{"line":19,"column":0},"end":{"line":34,"column":2}}},"fnMap":{},"branchMap":{},"s":{"0":1,"1":1,"2":1,"3":1,"4":1},"f":{},"b":{}}
,"/home/david/digischool/ecole-app/apps/api/src/db/models/Parents.ts": {"path":"/home/david/digischool/ecole-app/apps/api/src/db/models/Parents.ts","statementMap":{"0":{"start":{"line":1,"column":0},"end":{"line":1,"column":55}},"1":{"start":{"line":2,"column":0},"end":{"line":2,"column":37}},"2":{"start":{"line":4,"column":12},"end":{"line":4,"column":44}},"3":{"start":{"line":6,"column":0},"end":{"line":6,"column":13}},"4":{"start":{"line":14,"column":0},"end":{"line":24,"column":2}}},"fnMap":{},"branchMap":{},"s":{"0":1,"1":1,"2":1,"3":1,"4":1},"f":{},"b":{}}
,"/home/david/digischool/ecole-app/apps/api/src/db/models/Personne.ts": {"path":"/home/david/digischool/ecole-app/apps/api/src/db/models/Personne.ts","statementMap":{"0":{"start":{"line":1,"column":0},"end":{"line":1,"column":55}},"1":{"start":{"line":2,"column":0},"end":{"line":2,"column":37}},"2":{"start":{"line":4,"column":12},"end":{"line":4,"column":44}},"3":{"start":{"line":6,"column":0},"end":{"line":6,"column":13}},"4":{"start":{"line":23,"column":0},"end":{"line":42,"column":2}}},"fnMap":{},"branchMap":{},"s":{"0":1,"1":1,"2":1,"3":1,"4":1},"f":{},"b":{}}
,"/home/david/digischool/ecole-app/apps/api/src/db/models/Rapport.ts": {"path":"/home/david/digischool/ecole-app/apps/api/src/db/models/Rapport.ts","statementMap":{"0":{"start":{"line":1,"column":0},"end":{"line":1,"column":55}},"1":{"start":{"line":2,"column":0},"end":{"line":2,"column":37}},"2":{"start":{"line":4,"column":12},"end":{"line":4,"column":44}},"3":{"start":{"line":6,"column":0},"end":{"line":6,"column":13}},"4":{"start":{"line":18,"column":0},"end":{"line":32,"column":2}}},"fnMap":{},"branchMap":{},"s":{"0":1,"1":1,"2":1,"3":1,"4":1},"f":{},"b":{}}
,"/home/david/digischool/ecole-app/apps/api/src/db/models/RefreshToken.ts": {"path":"/home/david/digischool/ecole-app/apps/api/src/db/models/RefreshToken.ts","statementMap":{"0":{"start":{"line":1,"column":0},"end":{"line":1,"column":55}},"1":{"start":{"line":2,"column":0},"end":{"line":2,"column":37}},"2":{"start":{"line":4,"column":12},"end":{"line":4,"column":44}},"3":{"start":{"line":6,"column":0},"end":{"line":6,"column":13}},"4":{"start":{"line":13,"column":0},"end":{"line":22,"column":2}}},"fnMap":{},"branchMap":{},"s":{"0":1,"1":1,"2":1,"3":1,"4":1},"f":{},"b":{}}
,"/home/david/digischool/ecole-app/apps/api/src/db/models/Salle.ts": {"path":"/home/david/digischool/ecole-app/apps/api/src/db/models/Salle.ts","statementMap":{"0":{"start":{"line":1,"column":0},"end":{"line":1,"column":55}},"1":{"start":{"line":2,"column":0},"end":{"line":2,"column":37}},"2":{"start":{"line":4,"column":12},"end":{"line":4,"column":44}},"3":{"start":{"line":6,"column":0},"end":{"line":6,"column":13}},"4":{"start":{"line":16,"column":0},"end":{"line":28,"column":2}}},"fnMap":{},"branchMap":{},"s":{"0":1,"1":1,"2":1,"3":1,"4":1},"f":{},"b":{}}
,"/home/david/digischool/ecole-app/apps/api/src/db/models/Scolarite.ts": {"path":"/home/david/digischool/ecole-app/apps/api/src/db/models/Scolarite.ts","statementMap":{"0":{"start":{"line":1,"column":0},"end":{"line":1,"column":55}},"1":{"start":{"line":2,"column":0},"end":{"line":2,"column":37}},"2":{"start":{"line":4,"column":12},"end":{"line":4,"column":44}},"3":{"start":{"line":6,"column":0},"end":{"line":6,"column":13}},"4":{"start":{"line":16,"column":0},"end":{"line":28,"column":2}}},"fnMap":{},"branchMap":{},"s":{"0":1,"1":1,"2":1,"3":1,"4":1},"f":{},"b":{}}
,"/home/david/digischool/ecole-app/apps/api/src/db/models/Session.ts": {"path":"/home/david/digischool/ecole-app/apps/api/src/db/models/Session.ts","statementMap":{"0":{"start":{"line":1,"column":0},"end":{"line":1,"column":55}},"1":{"start":{"line":2,"column":0},"end":{"line":2,"column":37}},"2":{"start":{"line":4,"column":12},"end":{"line":4,"column":44}},"3":{"start":{"line":6,"column":0},"end":{"line":6,"column":13}},"4":{"start":{"line":15,"column":0},"end":{"line":26,"column":2}}},"fnMap":{},"branchMap":{},"s":{"0":1,"1":1,"2":1,"3":1,"4":1},"f":{},"b":{}}
,"/home/david/digischool/ecole-app/apps/api/src/db/models/Specialite.ts": {"path":"/home/david/digischool/ecole-app/apps/api/src/db/models/Specialite.ts","statementMap":{"0":{"start":{"line":1,"column":0},"end":{"line":1,"column":55}},"1":{"start":{"line":2,"column":0},"end":{"line":2,"column":37}},"2":{"start":{"line":4,"column":12},"end":{"line":4,"column":44}},"3":{"start":{"line":6,"column":0},"end":{"line":6,"column":13}},"4":{"start":{"line":11,"column":0},"end":{"line":18,"column":2}}},"fnMap":{},"branchMap":{},"s":{"0":1,"1":1,"2":1,"3":1,"4":1},"f":{},"b":{}}
,"/home/david/digischool/ecole-app/apps/api/src/db/models/Tranches.ts": {"path":"/home/david/digischool/ecole-app/apps/api/src/db/models/Tranches.ts","statementMap":{"0":{"start":{"line":1,"column":0},"end":{"line":1,"column":55}},"1":{"start":{"line":2,"column":0},"end":{"line":2,"column":37}},"2":{"start":{"line":4,"column":12},"end":{"line":4,"column":44}},"3":{"start":{"line":6,"column":0},"end":{"line":6,"column":13}},"4":{"start":{"line":16,"column":0},"end":{"line":28,"column":2}}},"fnMap":{},"branchMap":{},"s":{"0":1,"1":1,"2":1,"3":1,"4":1},"f":{},"b":{}}
,"/home/david/digischool/ecole-app/apps/api/src/db/models/Trimestre.ts": {"path":"/home/david/digischool/ecole-app/apps/api/src/db/models/Trimestre.ts","statementMap":{"0":{"start":{"line":1,"column":0},"end":{"line":1,"column":55}},"1":{"start":{"line":2,"column":0},"end":{"line":2,"column":37}},"2":{"start":{"line":4,"column":12},"end":{"line":4,"column":44}},"3":{"start":{"line":6,"column":0},"end":{"line":6,"column":13}},"4":{"start":{"line":13,"column":0},"end":{"line":22,"column":2}}},"fnMap":{},"branchMap":{},"s":{"0":1,"1":1,"2":1,"3":1,"4":1},"f":{},"b":{}}
,"/home/david/digischool/ecole-app/apps/api/src/db/models/VilleNaissance.ts": {"path":"/home/david/digischool/ecole-app/apps/api/src/db/models/VilleNaissance.ts","statementMap":{"0":{"start":{"line":1,"column":0},"end":{"line":1,"column":55}},"1":{"start":{"line":2,"column":0},"end":{"line":2,"column":37}},"2":{"start":{"line":4,"column":12},"end":{"line":4,"column":44}},"3":{"start":{"line":6,"column":0},"end":{"line":6,"column":13}},"4":{"start":{"line":11,"column":0},"end":{"line":18,"column":2}}},"fnMap":{},"branchMap":{},"s":{"0":1,"1":1,"2":1,"3":1,"4":1},"f":{},"b":{}}
,"/home/david/digischool/ecole-app/apps/api/src/db/models/index.ts": {"path":"/home/david/digischool/ecole-app/apps/api/src/db/models/index.ts","statementMap":{"0":{"start":{"line":126,"column":0},"end":{"line":126,"column":7}},"1":{"start":{"line":3,"column":0},"end":{"line":3,"column":9}},"2":{"start":{"line":4,"column":9},"end":{"line":3,"column":46}},"3":{"start":{"line":5,"column":0},"end":{"line":5,"column":9}},"4":{"start":{"line":6,"column":9},"end":{"line":5,"column":38}},"5":{"start":{"line":7,"column":0},"end":{"line":7,"column":9}},"6":{"start":{"line":8,"column":9},"end":{"line":7,"column":38}},"7":{"start":{"line":9,"column":0},"end":{"line":9,"column":9}},"8":{"start":{"line":10,"column":9},"end":{"line":9,"column":32}},"9":{"start":{"line":11,"column":0},"end":{"line":11,"column":9}},"10":{"start":{"line":12,"column":9},"end":{"line":11,"column":38}},"11":{"start":{"line":13,"column":0},"end":{"line":13,"column":9}},"12":{"start":{"line":14,"column":9},"end":{"line":13,"column":32}},"13":{"start":{"line":15,"column":0},"end":{"line":15,"column":9}},"14":{"start":{"line":16,"column":9},"end":{"line":15,"column":36}},"15":{"start":{"line":17,"column":0},"end":{"line":17,"column":9}},"16":{"start":{"line":18,"column":9},"end":{"line":17,"column":32}},"17":{"start":{"line":19,"column":0},"end":{"line":19,"column":9}},"18":{"start":{"line":20,"column":9},"end":{"line":19,"column":34}},"19":{"start":{"line":21,"column":0},"end":{"line":21,"column":9}},"20":{"start":{"line":22,"column":9},"end":{"line":21,"column":32}},"21":{"start":{"line":23,"column":0},"end":{"line":23,"column":9}},"22":{"start":{"line":24,"column":9},"end":{"line":23,"column":52}},"23":{"start":{"line":25,"column":0},"end":{"line":25,"column":9}},"24":{"start":{"line":26,"column":9},"end":{"line":25,"column":40}},"25":{"start":{"line":27,"column":0},"end":{"line":27,"column":9}},"26":{"start":{"line":28,"column":9},"end":{"line":27,"column":36}},"27":{"start":{"line":29,"column":0},"end":{"line":29,"column":9}},"28":{"start":{"line":30,"column":9},"end":{"line":29,"column":32}},"29":{"start":{"line":31,"column":0},"end":{"line":31,"column":9}},"30":{"start":{"line":32,"column":9},"end":{"line":31,"column":42}},"31":{"start":{"line":33,"column":0},"end":{"line":33,"column":9}},"32":{"start":{"line":34,"column":9},"end":{"line":33,"column":48}},"33":{"start":{"line":35,"column":0},"end":{"line":35,"column":9}},"34":{"start":{"line":36,"column":9},"end":{"line":35,"column":48}},"35":{"start":{"line":37,"column":0},"end":{"line":37,"column":9}},"36":{"start":{"line":38,"column":9},"end":{"line":37,"column":36}},"37":{"start":{"line":39,"column":0},"end":{"line":39,"column":9}},"38":{"start":{"line":40,"column":9},"end":{"line":39,"column":42}},"39":{"start":{"line":41,"column":0},"end":{"line":41,"column":9}},"40":{"start":{"line":42,"column":9},"end":{"line":41,"column":40}},"41":{"start":{"line":43,"column":0},"end":{"line":43,"column":9}},"42":{"start":{"line":44,"column":9},"end":{"line":43,"column":40}},"43":{"start":{"line":45,"column":0},"end":{"line":45,"column":9}},"44":{"start":{"line":46,"column":9},"end":{"line":45,"column":38}},"45":{"start":{"line":47,"column":0},"end":{"line":47,"column":9}},"46":{"start":{"line":48,"column":9},"end":{"line":47,"column":30}},"47":{"start":{"line":49,"column":0},"end":{"line":49,"column":9}},"48":{"start":{"line":50,"column":9},"end":{"line":49,"column":38}},"49":{"start":{"line":51,"column":0},"end":{"line":51,"column":9}},"50":{"start":{"line":52,"column":9},"end":{"line":51,"column":38}},"51":{"start":{"line":53,"column":0},"end":{"line":53,"column":9}},"52":{"start":{"line":54,"column":9},"end":{"line":53,"column":42}},"53":{"start":{"line":55,"column":0},"end":{"line":55,"column":9}},"54":{"start":{"line":56,"column":9},"end":{"line":55,"column":36}},"55":{"start":{"line":57,"column":0},"end":{"line":57,"column":9}},"56":{"start":{"line":58,"column":9},"end":{"line":57,"column":34}},"57":{"start":{"line":59,"column":0},"end":{"line":59,"column":9}},"58":{"start":{"line":60,"column":9},"end":{"line":59,"column":50}},"59":{"start":{"line":61,"column":0},"end":{"line":61,"column":9}},"60":{"start":{"line":62,"column":9},"end":{"line":61,"column":42}},"61":{"start":{"line":65,"column":0},"end":{"line":65,"column":51}},"62":{"start":{"line":66,"column":0},"end":{"line":66,"column":49}},"63":{"start":{"line":67,"column":0},"end":{"line":67,"column":52}},"64":{"start":{"line":68,"column":0},"end":{"line":68,"column":52}},"65":{"start":{"line":69,"column":0},"end":{"line":69,"column":68}},"66":{"start":{"line":70,"column":0},"end":{"line":70,"column":54}},"67":{"start":{"line":71,"column":0},"end":{"line":71,"column":54}},"68":{"start":{"line":72,"column":0},"end":{"line":72,"column":56}},"69":{"start":{"line":73,"column":0},"end":{"line":73,"column":54}},"70":{"start":{"line":74,"column":0},"end":{"line":74,"column":66}},"71":{"start":{"line":75,"column":0},"end":{"line":75,"column":62}},"72":{"start":{"line":76,"column":0},"end":{"line":76,"column":60}},"73":{"start":{"line":77,"column":0},"end":{"line":77,"column":57}},"74":{"start":{"line":78,"column":0},"end":{"line":78,"column":59}},"75":{"start":{"line":79,"column":0},"end":{"line":79,"column":55}},"76":{"start":{"line":80,"column":0},"end":{"line":80,"column":55}},"77":{"start":{"line":81,"column":0},"end":{"line":81,"column":51}},"78":{"start":{"line":82,"column":0},"end":{"line":82,"column":61}},"79":{"start":{"line":83,"column":0},"end":{"line":83,"column":54}},"80":{"start":{"line":84,"column":0},"end":{"line":84,"column":57}},"81":{"start":{"line":85,"column":0},"end":{"line":85,"column":55}},"82":{"start":{"line":86,"column":0},"end":{"line":86,"column":60}},"83":{"start":{"line":87,"column":0},"end":{"line":87,"column":58}},"84":{"start":{"line":88,"column":0},"end":{"line":88,"column":56}},"85":{"start":{"line":89,"column":0},"end":{"line":89,"column":54}},"86":{"start":{"line":90,"column":0},"end":{"line":90,"column":61}},"87":{"start":{"line":91,"column":0},"end":{"line":91,"column":59}},"88":{"start":{"line":93,"column":13},"end":{"line":124,"column":2}},"89":{"start":{"line":127,"column":2},"end":{"line":127,"column":28}},"90":{"start":{"line":128,"column":2},"end":{"line":128,"column":24}},"91":{"start":{"line":129,"column":2},"end":{"line":129,"column":24}}},"fnMap":{"0":{"name":"(anonymous_0)","decl":{"start":{"line":4,"column":9},"end":{"line":4,"column":21}},"loc":{"start":{"line":4,"column":9},"end":{"line":3,"column":46}}},"1":{"name":"(anonymous_1)","decl":{"start":{"line":6,"column":9},"end":{"line":6,"column":17}},"loc":{"start":{"line":6,"column":9},"end":{"line":5,"column":38}}},"2":{"name":"(anonymous_2)","decl":{"start":{"line":8,"column":9},"end":{"line":8,"column":17}},"loc":{"start":{"line":8,"column":9},"end":{"line":7,"column":38}}},"3":{"name":"(anonymous_3)","decl":{"start":{"line":10,"column":9},"end":{"line":10,"column":14}},"loc":{"start":{"line":10,"column":9},"end":{"line":9,"column":32}}},"4":{"name":"(anonymous_4)","decl":{"start":{"line":12,"column":9},"end":{"line":12,"column":17}},"loc":{"start":{"line":12,"column":9},"end":{"line":11,"column":38}}},"5":{"name":"(anonymous_5)","decl":{"start":{"line":14,"column":9},"end":{"line":14,"column":14}},"loc":{"start":{"line":14,"column":9},"end":{"line":13,"column":32}}},"6":{"name":"(anonymous_6)","decl":{"start":{"line":16,"column":9},"end":{"line":16,"column":16}},"loc":{"start":{"line":16,"column":9},"end":{"line":15,"column":36}}},"7":{"name":"(anonymous_7)","decl":{"start":{"line":18,"column":9},"end":{"line":18,"column":14}},"loc":{"start":{"line":18,"column":9},"end":{"line":17,"column":32}}},"8":{"name":"(anonymous_8)","decl":{"start":{"line":20,"column":9},"end":{"line":20,"column":15}},"loc":{"start":{"line":20,"column":9},"end":{"line":19,"column":34}}},"9":{"name":"(anonymous_9)","decl":{"start":{"line":22,"column":9},"end":{"line":22,"column":14}},"loc":{"start":{"line":22,"column":9},"end":{"line":21,"column":32}}},"10":{"name":"(anonymous_10)","decl":{"start":{"line":24,"column":9},"end":{"line":24,"column":24}},"loc":{"start":{"line":24,"column":9},"end":{"line":23,"column":52}}},"11":{"name":"(anonymous_11)","decl":{"start":{"line":26,"column":9},"end":{"line":26,"column":18}},"loc":{"start":{"line":26,"column":9},"end":{"line":25,"column":40}}},"12":{"name":"(anonymous_12)","decl":{"start":{"line":28,"column":9},"end":{"line":28,"column":16}},"loc":{"start":{"line":28,"column":9},"end":{"line":27,"column":36}}},"13":{"name":"(anonymous_13)","decl":{"start":{"line":30,"column":9},"end":{"line":30,"column":14}},"loc":{"start":{"line":30,"column":9},"end":{"line":29,"column":32}}},"14":{"name":"(anonymous_14)","decl":{"start":{"line":32,"column":9},"end":{"line":32,"column":19}},"loc":{"start":{"line":32,"column":9},"end":{"line":31,"column":42}}},"15":{"name":"(anonymous_15)","decl":{"start":{"line":34,"column":9},"end":{"line":34,"column":22}},"loc":{"start":{"line":34,"column":9},"end":{"line":33,"column":48}}},"16":{"name":"(anonymous_16)","decl":{"start":{"line":36,"column":9},"end":{"line":36,"column":22}},"loc":{"start":{"line":36,"column":9},"end":{"line":35,"column":48}}},"17":{"name":"(anonymous_17)","decl":{"start":{"line":38,"column":9},"end":{"line":38,"column":16}},"loc":{"start":{"line":38,"column":9},"end":{"line":37,"column":36}}},"18":{"name":"(anonymous_18)","decl":{"start":{"line":40,"column":9},"end":{"line":40,"column":19}},"loc":{"start":{"line":40,"column":9},"end":{"line":39,"column":42}}},"19":{"name":"(anonymous_19)","decl":{"start":{"line":42,"column":9},"end":{"line":42,"column":18}},"loc":{"start":{"line":42,"column":9},"end":{"line":41,"column":40}}},"20":{"name":"(anonymous_20)","decl":{"start":{"line":44,"column":9},"end":{"line":44,"column":18}},"loc":{"start":{"line":44,"column":9},"end":{"line":43,"column":40}}},"21":{"name":"(anonymous_21)","decl":{"start":{"line":46,"column":9},"end":{"line":46,"column":17}},"loc":{"start":{"line":46,"column":9},"end":{"line":45,"column":38}}},"22":{"name":"(anonymous_22)","decl":{"start":{"line":48,"column":9},"end":{"line":48,"column":13}},"loc":{"start":{"line":48,"column":9},"end":{"line":47,"column":30}}},"23":{"name":"(anonymous_23)","decl":{"start":{"line":50,"column":9},"end":{"line":50,"column":17}},"loc":{"start":{"line":50,"column":9},"end":{"line":49,"column":38}}},"24":{"name":"(anonymous_24)","decl":{"start":{"line":52,"column":9},"end":{"line":52,"column":17}},"loc":{"start":{"line":52,"column":9},"end":{"line":51,"column":38}}},"25":{"name":"(anonymous_25)","decl":{"start":{"line":54,"column":9},"end":{"line":54,"column":19}},"loc":{"start":{"line":54,"column":9},"end":{"line":53,"column":42}}},"26":{"name":"(anonymous_26)","decl":{"start":{"line":56,"column":9},"end":{"line":56,"column":16}},"loc":{"start":{"line":56,"column":9},"end":{"line":55,"column":36}}},"27":{"name":"(anonymous_27)","decl":{"start":{"line":58,"column":9},"end":{"line":58,"column":15}},"loc":{"start":{"line":58,"column":9},"end":{"line":57,"column":34}}},"28":{"name":"(anonymous_28)","decl":{"start":{"line":60,"column":9},"end":{"line":60,"column":23}},"loc":{"start":{"line":60,"column":9},"end":{"line":59,"column":50}}},"29":{"name":"(anonymous_29)","decl":{"start":{"line":62,"column":9},"end":{"line":62,"column":19}},"loc":{"start":{"line":62,"column":9},"end":{"line":61,"column":42}}},"30":{"name":"syncAppTables","decl":{"start":{"line":126,"column":22},"end":{"line":126,"column":35}},"loc":{"start":{"line":126,"column":35},"end":{"line":130,"column":1}}}},"branchMap":{},"s":{"0":1,"1":1,"2":1,"3":1,"4":1,"5":1,"6":1,"7":1,"8":2,"9":1,"10":1,"11":1,"12":1,"13":1,"14":1,"15":1,"16":1,"17":1,"18":1,"19":1,"20":1,"21":1,"22":1,"23":1,"24":1,"25":1,"26":1,"27":1,"28":1,"29":1,"30":1,"31":1,"32":1,"33":1,"34":1,"35":1,"36":1,"37":1,"38":1,"39":1,"40":1,"41":1,"42":1,"43":1,"44":1,"45":1,"46":1,"47":1,"48":1,"49":1,"50":1,"51":1,"52":1,"53":1,"54":1,"55":1,"56":1,"57":1,"58":1,"59":1,"60":1,"61":1,"62":1,"63":1,"64":1,"65":1,"66":1,"67":1,"68":1,"69":1,"70":1,"71":1,"72":1,"73":1,"74":1,"75":1,"76":1,"77":1,"78":1,"79":1,"80":1,"81":1,"82":1,"83":1,"84":1,"85":1,"86":1,"87":1,"88":1,"89":0,"90":0,"91":0},"f":{"0":0,"1":0,"2":0,"3":1,"4":0,"5":0,"6":0,"7":0,"8":0,"9":0,"10":0,"11":0,"12":0,"13":0,"14":0,"15":0,"16":0,"17":0,"18":0,"19":0,"20":0,"21":0,"22":0,"23":0,"24":0,"25":0,"26":0,"27":0,"28":0,"29":0,"30":0},"b":{}}
,"/home/david/digischool/ecole-app/apps/api/src/lib/audit.ts": {"path":"/home/david/digischool/ecole-app/apps/api/src/lib/audit.ts","statementMap":{"0":{"start":{"line":4,"column":0},"end":{"line":4,"column":7}},"1":{"start":{"line":2,"column":0},"end":{"line":2,"column":40}},"2":{"start":{"line":11,"column":2},"end":{"line":11,"column":24}},"3":{"start":{"line":11,"column":17},"end":{"line":11,"column":24}},"4":{"start":{"line":12,"column":2},"end":{"line":25,"column":3}},"5":{"start":{"line":13,"column":4},"end":{"line":22,"column":7}},"6":{"start":{"line":24,"column":4},"end":{"line":24,"column":41}}},"fnMap":{"0":{"name":"logAudit","decl":{"start":{"line":4,"column":22},"end":{"line":4,"column":30}},"loc":{"start":{"line":9,"column":15},"end":{"line":26,"column":1}}}},"branchMap":{"0":{"loc":{"start":{"line":11,"column":2},"end":{"line":11,"column":24}},"type":"if","locations":[{"start":{"line":11,"column":2},"end":{"line":11,"column":24}},{"start":{},"end":{}}]},"1":{"loc":{"start":{"line":19,"column":18},"end":{"line":19,"column":64}},"type":"cond-expr","locations":[{"start":{"line":19,"column":39},"end":{"line":19,"column":57}},{"start":{"line":19,"column":60},"end":{"line":19,"column":64}}]},"2":{"loc":{"start":{"line":20,"column":10},"end":{"line":20,"column":24}},"type":"binary-expr","locations":[{"start":{"line":20,"column":10},"end":{"line":20,"column":16}},{"start":{"line":20,"column":20},"end":{"line":20,"column":24}}]},"3":{"loc":{"start":{"line":21,"column":12},"end":{"line":21,"column":46}},"type":"cond-expr","locations":[{"start":{"line":21,"column":19},"end":{"line":21,"column":39}},{"start":{"line":21,"column":42},"end":{"line":21,"column":46}}]}},"s":{"0":1,"1":1,"2":0,"3":0,"4":0,"5":0,"6":0},"f":{"0":0},"b":{"0":[0,0],"1":[0,0],"2":[0,0],"3":[0,0]}}
,"/home/david/digischool/ecole-app/apps/api/src/lib/averages.ts": {"path":"/home/david/digischool/ecole-app/apps/api/src/lib/averages.ts","statementMap":{"0":{"start":{"line":16,"column":0},"end":{"line":16,"column":7}},"1":{"start":{"line":47,"column":0},"end":{"line":47,"column":7}},"2":{"start":{"line":71,"column":0},"end":{"line":71,"column":7}},"3":{"start":{"line":1,"column":0},"end":{"line":1,"column":34}},"4":{"start":{"line":20,"column":20},"end":{"line":38,"column":null}},"5":{"start":{"line":40,"column":2},"end":{"line":40,"column":35}},"6":{"start":{"line":51,"column":17},"end":{"line":62,"column":null}},"7":{"start":{"line":64,"column":2},"end":{"line":64,"column":50}},"8":{"start":{"line":76,"column":17},"end":{"line":93,"column":null}},"9":{"start":{"line":95,"column":2},"end":{"line":95,"column":47}}},"fnMap":{"0":{"name":"moyenneParCoursSession","decl":{"start":{"line":16,"column":22},"end":{"line":16,"column":44}},"loc":{"start":{"line":18,"column":19},"end":{"line":41,"column":1}}},"1":{"name":"moyenneTrimestrielle","decl":{"start":{"line":47,"column":22},"end":{"line":47,"column":42}},"loc":{"start":{"line":49,"column":21},"end":{"line":65,"column":1}}},"2":{"name":"rangDansSalle","decl":{"start":{"line":71,"column":22},"end":{"line":71,"column":35}},"loc":{"start":{"line":74,"column":21},"end":{"line":96,"column":1}}}},"branchMap":{"0":{"loc":{"start":{"line":64,"column":17},"end":{"line":64,"column":48}},"type":"binary-expr","locations":[{"start":{"line":64,"column":17},"end":{"line":64,"column":43}},{"start":{"line":64,"column":47},"end":{"line":64,"column":48}}]},"1":{"loc":{"start":{"line":95,"column":17},"end":{"line":95,"column":45}},"type":"binary-expr","locations":[{"start":{"line":95,"column":17},"end":{"line":95,"column":40}},{"start":{"line":95,"column":44},"end":{"line":95,"column":45}}]}},"s":{"0":2,"1":2,"2":2,"3":2,"4":1,"5":1,"6":1,"7":1,"8":1,"9":1},"f":{"0":1,"1":1,"2":1},"b":{"0":[1,0],"1":[1,0]}}
,"/home/david/digischool/ecole-app/apps/api/src/lib/errors.ts": {"path":"/home/david/digischool/ecole-app/apps/api/src/lib/errors.ts","statementMap":{"0":{"start":{"line":8,"column":4},"end":{"line":8,"column":19}},"1":{"start":{"line":3,"column":11},"end":{"line":3,"column":25}},"2":{"start":{"line":4,"column":11},"end":{"line":4,"column":23}},"3":{"start":{"line":6,"column":11},"end":{"line":6,"column":28}},"4":{"start":{"line":9,"column":4},"end":{"line":9,"column":27}},"5":{"start":{"line":1,"column":0},"end":{"line":1,"column":13}},"6":{"start":{"line":13,"column":24},"end":{"line":13,"column":94}},"7":{"start":{"line":13,"column":59},"end":{"line":13,"column":94}},"8":{"start":{"line":13,"column":13},"end":{"line":13,"column":24}},"9":{"start":{"line":14,"column":25},"end":{"line":14,"column":86}},"10":{"start":{"line":14,"column":51},"end":{"line":14,"column":86}},"11":{"start":{"line":14,"column":13},"end":{"line":14,"column":25}},"12":{"start":{"line":15,"column":28},"end":{"line":15,"column":89}},"13":{"start":{"line":15,"column":57},"end":{"line":15,"column":89}},"14":{"start":{"line":15,"column":13},"end":{"line":15,"column":28}},"15":{"start":{"line":16,"column":26},"end":{"line":17,"column":48}},"16":{"start":{"line":17,"column":2},"end":{"line":17,"column":48}},"17":{"start":{"line":16,"column":13},"end":{"line":16,"column":26}}},"fnMap":{"0":{"name":"(anonymous_0)","decl":{"start":{"line":2,"column":2},"end":{"line":2,"column":null}},"loc":{"start":{"line":6,"column":28},"end":{"line":10,"column":3}}},"1":{"name":"(anonymous_1)","decl":{"start":{"line":13,"column":24},"end":{"line":13,"column":25}},"loc":{"start":{"line":13,"column":59},"end":{"line":13,"column":94}}},"2":{"name":"(anonymous_2)","decl":{"start":{"line":14,"column":25},"end":{"line":14,"column":26}},"loc":{"start":{"line":14,"column":51},"end":{"line":14,"column":86}}},"3":{"name":"(anonymous_3)","decl":{"start":{"line":15,"column":28},"end":{"line":15,"column":29}},"loc":{"start":{"line":15,"column":57},"end":{"line":15,"column":89}}},"4":{"name":"(anonymous_4)","decl":{"start":{"line":16,"column":26},"end":{"line":16,"column":27}},"loc":{"start":{"line":17,"column":2},"end":{"line":17,"column":48}}}},"branchMap":{"0":{"loc":{"start":{"line":13,"column":25},"end":{"line":13,"column":54}},"type":"default-arg","locations":[{"start":{"line":13,"column":31},"end":{"line":13,"column":54}}]},"1":{"loc":{"start":{"line":14,"column":26},"end":{"line":14,"column":46}},"type":"default-arg","locations":[{"start":{"line":14,"column":32},"end":{"line":14,"column":46}}]},"2":{"loc":{"start":{"line":15,"column":29},"end":{"line":15,"column":52}},"type":"default-arg","locations":[{"start":{"line":15,"column":35},"end":{"line":15,"column":52}}]}},"s":{"0":5,"1":5,"2":5,"3":5,"4":5,"5":2,"6":2,"7":0,"8":2,"9":2,"10":1,"11":2,"12":2,"13":3,"14":2,"15":2,"16":1,"17":2},"f":{"0":5,"1":0,"2":1,"3":3,"4":1},"b":{"0":[0],"1":[1],"2":[1]}}
,"/home/david/digischool/ecole-app/apps/api/src/lib/id.ts": {"path":"/home/david/digischool/ecole-app/apps/api/src/lib/id.ts","statementMap":{"0":{"start":{"line":9,"column":0},"end":{"line":9,"column":16}},"1":{"start":{"line":19,"column":0},"end":{"line":19,"column":7}},"2":{"start":{"line":1,"column":0},"end":{"line":1,"column":34}},"3":{"start":{"line":10,"column":13},"end":{"line":10,"column":39}},"4":{"start":{"line":11,"column":15},"end":{"line":11,"column":46}},"5":{"start":{"line":12,"column":2},"end":{"line":12,"column":19}},"6":{"start":{"line":20,"column":17},"end":{"line":22,"column":null}},"7":{"start":{"line":24,"column":17},"end":{"line":24,"column":46}},"8":{"start":{"line":25,"column":2},"end":{"line":25,"column":27}}},"fnMap":{"0":{"name":"nextId","decl":{"start":{"line":9,"column":16},"end":{"line":9,"column":22}},"loc":{"start":{"line":9,"column":22},"end":{"line":13,"column":1}}},"1":{"name":"nextIdSafe","decl":{"start":{"line":19,"column":22},"end":{"line":19,"column":32}},"loc":{"start":{"line":19,"column":67},"end":{"line":26,"column":1}}}},"branchMap":{"0":{"loc":{"start":{"line":24,"column":17},"end":{"line":24,"column":46}},"type":"binary-expr","locations":[{"start":{"line":24,"column":17},"end":{"line":24,"column":41}},{"start":{"line":24,"column":45},"end":{"line":24,"column":46}}]}},"s":{"0":1,"1":1,"2":1,"3":0,"4":0,"5":0,"6":0,"7":0,"8":0},"f":{"0":0,"1":0},"b":{"0":[0,0]}}
,"/home/david/digischool/ecole-app/apps/api/src/lib/pagination.ts": {"path":"/home/david/digischool/ecole-app/apps/api/src/lib/pagination.ts","statementMap":{"0":{"start":{"line":1,"column":0},"end":{"line":1,"column":16}},"1":{"start":{"line":7,"column":0},"end":{"line":7,"column":16}},"2":{"start":{"line":2,"column":16},"end":{"line":2,"column":24}},"3":{"start":{"line":3,"column":17},"end":{"line":3,"column":38}},"4":{"start":{"line":4,"column":2},"end":{"line":4,"column":27}},"5":{"start":{"line":8,"column":2},"end":{"line":16,"column":4}}},"fnMap":{"0":{"name":"paginate","decl":{"start":{"line":1,"column":16},"end":{"line":1,"column":24}},"loc":{"start":{"line":1,"column":48},"end":{"line":5,"column":1}}},"1":{"name":"paginatedResponse","decl":{"start":{"line":7,"column":16},"end":{"line":7,"column":33}},"loc":{"start":{"line":7,"column":93},"end":{"line":17,"column":1}}}},"branchMap":{"0":{"loc":{"start":{"line":1,"column":25},"end":{"line":1,"column":33}},"type":"default-arg","locations":[{"start":{"line":1,"column":32},"end":{"line":1,"column":33}}]},"1":{"loc":{"start":{"line":1,"column":35},"end":{"line":1,"column":48}},"type":"default-arg","locations":[{"start":{"line":1,"column":46},"end":{"line":1,"column":48}}]},"2":{"loc":{"start":{"line":14,"column":18},"end":{"line":14,"column":50}},"type":"binary-expr","locations":[{"start":{"line":14,"column":18},"end":{"line":14,"column":45}},{"start":{"line":14,"column":49},"end":{"line":14,"column":50}}]}},"s":{"0":1,"1":1,"2":1,"3":1,"4":1,"5":1},"f":{"0":1,"1":1},"b":{"0":[0],"1":[0],"2":[1,0]}}
,"/home/david/digischool/ecole-app/apps/api/src/lib/upload.ts": {"path":"/home/david/digischool/ecole-app/apps/api/src/lib/upload.ts","statementMap":{"0":{"start":{"line":1,"column":0},"end":{"line":1,"column":28}},"1":{"start":{"line":2,"column":0},"end":{"line":2,"column":24}},"2":{"start":{"line":3,"column":0},"end":{"line":3,"column":20}},"3":{"start":{"line":4,"column":0},"end":{"line":4,"column":36}},"4":{"start":{"line":5,"column":0},"end":{"line":5,"column":36}},"5":{"start":{"line":7,"column":19},"end":{"line":7,"column":47}},"6":{"start":{"line":8,"column":0},"end":{"line":8,"column":78}},"7":{"start":{"line":8,"column":32},"end":{"line":8,"column":78}},"8":{"start":{"line":10,"column":16},"end":{"line":15,"column":2}},"9":{"start":{"line":11,"column":36},"end":{"line":11,"column":56}},"10":{"start":{"line":13,"column":4},"end":{"line":13,"column":66}},"11":{"start":{"line":17,"column":13},"end":{"line":29,"column":3}},"12":{"start":{"line":21,"column":15},"end":{"line":26,"column":29}},"13":{"start":{"line":27,"column":4},"end":{"line":27,"column":17}}},"fnMap":{"0":{"name":"(anonymous_1)","decl":{"start":{"line":11,"column":15},"end":{"line":11,"column":16}},"loc":{"start":{"line":11,"column":36},"end":{"line":11,"column":56}}},"1":{"name":"(anonymous_2)","decl":{"start":{"line":12,"column":12},"end":{"line":12,"column":13}},"loc":{"start":{"line":12,"column":31},"end":{"line":14,"column":3}}},"2":{"name":"(anonymous_3)","decl":{"start":{"line":20,"column":14},"end":{"line":20,"column":15}},"loc":{"start":{"line":20,"column":33},"end":{"line":28,"column":3}}}},"branchMap":{"0":{"loc":{"start":{"line":8,"column":0},"end":{"line":8,"column":78}},"type":"if","locations":[{"start":{"line":8,"column":0},"end":{"line":8,"column":78}},{"start":{},"end":{}}]}},"s":{"0":1,"1":1,"2":1,"3":1,"4":1,"5":1,"6":1,"7":0,"8":1,"9":0,"10":0,"11":1,"12":0,"13":0},"f":{"0":0,"1":0,"2":0},"b":{"0":[0,1]}}
,"/home/david/digischool/ecole-app/apps/api/src/middlewares/auth.ts": {"path":"/home/david/digischool/ecole-app/apps/api/src/middlewares/auth.ts","statementMap":{"0":{"start":{"line":26,"column":0},"end":{"line":26,"column":16}},"1":{"start":{"line":39,"column":0},"end":{"line":39,"column":16}},"2":{"start":{"line":2,"column":0},"end":{"line":2,"column":31}},"3":{"start":{"line":3,"column":0},"end":{"line":3,"column":36}},"4":{"start":{"line":5,"column":0},"end":{"line":5,"column":45}},"5":{"start":{"line":27,"column":17},"end":{"line":27,"column":42}},"6":{"start":{"line":28,"column":2},"end":{"line":28,"column":66}},"7":{"start":{"line":28,"column":38},"end":{"line":28,"column":66}},"8":{"start":{"line":29,"column":2},"end":{"line":36,"column":3}},"9":{"start":{"line":30,"column":18},"end":{"line":30,"column":33}},"10":{"start":{"line":31,"column":20},"end":{"line":31,"column":72}},"11":{"start":{"line":32,"column":4},"end":{"line":32,"column":23}},"12":{"start":{"line":33,"column":4},"end":{"line":33,"column":11}},"13":{"start":{"line":35,"column":4},"end":{"line":35,"column":51}},"14":{"start":{"line":40,"column":17},"end":{"line":40,"column":42}},"15":{"start":{"line":41,"column":2},"end":{"line":48,"column":3}},"16":{"start":{"line":42,"column":4},"end":{"line":47,"column":5}},"17":{"start":{"line":43,"column":20},"end":{"line":43,"column":35}},"18":{"start":{"line":44,"column":6},"end":{"line":44,"column":70}},"19":{"start":{"line":49,"column":2},"end":{"line":49,"column":9}}},"fnMap":{"0":{"name":"authRequired","decl":{"start":{"line":26,"column":16},"end":{"line":26,"column":28}},"loc":{"start":{"line":26,"column":77},"end":{"line":37,"column":1}}},"1":{"name":"optionalAuth","decl":{"start":{"line":39,"column":16},"end":{"line":39,"column":28}},"loc":{"start":{"line":39,"column":77},"end":{"line":50,"column":1}}}},"branchMap":{"0":{"loc":{"start":{"line":28,"column":2},"end":{"line":28,"column":66}},"type":"if","locations":[{"start":{"line":28,"column":2},"end":{"line":28,"column":66}},{"start":{},"end":{}}]},"1":{"loc":{"start":{"line":41,"column":2},"end":{"line":48,"column":3}},"type":"if","locations":[{"start":{"line":41,"column":2},"end":{"line":48,"column":3}},{"start":{},"end":{}}]}},"s":{"0":1,"1":1,"2":1,"3":1,"4":1,"5":3,"6":3,"7":1,"8":2,"9":2,"10":2,"11":2,"12":2,"13":0,"14":0,"15":0,"16":0,"17":0,"18":0,"19":0},"f":{"0":3,"1":0},"b":{"0":[1,2],"1":[0,0]}}
,"/home/david/digischool/ecole-app/apps/api/src/middlewares/error.ts": {"path":"/home/david/digischool/ecole-app/apps/api/src/middlewares/error.ts","statementMap":{"0":{"start":{"line":4,"column":0},"end":{"line":4,"column":16}},"1":{"start":{"line":16,"column":0},"end":{"line":16,"column":16}},"2":{"start":{"line":2,"column":0},"end":{"line":2,"column":41}},"3":{"start":{"line":5,"column":2},"end":{"line":9,"column":3}},"4":{"start":{"line":6,"column":4},"end":{"line":8,"column":7}},"5":{"start":{"line":10,"column":2},"end":{"line":10,"column":21}},"6":{"start":{"line":11,"column":2},"end":{"line":13,"column":5}},"7":{"start":{"line":17,"column":2},"end":{"line":17,"column":87}}},"fnMap":{"0":{"name":"errorHandler","decl":{"start":{"line":4,"column":16},"end":{"line":4,"column":28}},"loc":{"start":{"line":4,"column":92},"end":{"line":14,"column":1}}},"1":{"name":"notFoundHandler","decl":{"start":{"line":16,"column":16},"end":{"line":16,"column":31}},"loc":{"start":{"line":16,"column":60},"end":{"line":18,"column":1}}}},"branchMap":{"0":{"loc":{"start":{"line":5,"column":2},"end":{"line":9,"column":3}},"type":"if","locations":[{"start":{"line":5,"column":2},"end":{"line":9,"column":3}},{"start":{},"end":{}}]}},"s":{"0":1,"1":1,"2":1,"3":3,"4":3,"5":0,"6":0,"7":1},"f":{"0":3,"1":1},"b":{"0":[3,0]}}
,"/home/david/digischool/ecole-app/apps/api/src/middlewares/rbac.ts": {"path":"/home/david/digischool/ecole-app/apps/api/src/middlewares/rbac.ts","statementMap":{"0":{"start":{"line":3,"column":0},"end":{"line":3,"column":42}},"1":{"start":{"line":6,"column":2},"end":{"line":11,"column":3}},"2":{"start":{"line":7,"column":2},"end":{"line":11,"column":3}},"3":{"start":{"line":8,"column":4},"end":{"line":8,"column":61}},"4":{"start":{"line":8,"column":19},"end":{"line":8,"column":61}},"5":{"start":{"line":9,"column":4},"end":{"line":9,"column":65}},"6":{"start":{"line":9,"column":40},"end":{"line":9,"column":65}},"7":{"start":{"line":10,"column":4},"end":{"line":10,"column":11}},"8":{"start":{"line":5,"column":13},"end":{"line":5,"column":null}}},"fnMap":{"0":{"name":"(anonymous_0)","decl":{"start":{"line":6,"column":2},"end":{"line":6,"column":3}},"loc":{"start":{"line":7,"column":2},"end":{"line":11,"column":3}}},"1":{"name":"(anonymous_1)","decl":{"start":{"line":7,"column":2},"end":{"line":7,"column":3}},"loc":{"start":{"line":7,"column":55},"end":{"line":11,"column":3}}}},"branchMap":{"0":{"loc":{"start":{"line":8,"column":4},"end":{"line":8,"column":61}},"type":"if","locations":[{"start":{"line":8,"column":4},"end":{"line":8,"column":61}},{"start":{},"end":{}}]},"1":{"loc":{"start":{"line":9,"column":4},"end":{"line":9,"column":65}},"type":"if","locations":[{"start":{"line":9,"column":4},"end":{"line":9,"column":65}},{"start":{},"end":{}}]}},"s":{"0":1,"1":1,"2":32,"3":2,"4":0,"5":2,"6":1,"7":1,"8":1},"f":{"0":32,"1":2},"b":{"0":[0,2],"1":[1,1]}}
,"/home/david/digischool/ecole-app/apps/api/src/modules/auth.service.ts": {"path":"/home/david/digischool/ecole-app/apps/api/src/modules/auth.service.ts","statementMap":{"0":{"start":{"line":41,"column":0},"end":{"line":41,"column":7}},"1":{"start":{"line":108,"column":0},"end":{"line":108,"column":7}},"2":{"start":{"line":143,"column":0},"end":{"line":143,"column":7}},"3":{"start":{"line":147,"column":0},"end":{"line":147,"column":7}},"4":{"start":{"line":1,"column":0},"end":{"line":1,"column":30}},"5":{"start":{"line":2,"column":0},"end":{"line":2,"column":31}},"6":{"start":{"line":3,"column":0},"end":{"line":3,"column":36}},"7":{"start":{"line":4,"column":0},"end":{"line":4,"column":31}},"8":{"start":{"line":5,"column":0},"end":{"line":5,"column":null}},"9":{"start":{"line":11,"column":0},"end":{"line":11,"column":36}},"10":{"start":{"line":12,"column":0},"end":{"line":12,"column":70}},"11":{"start":{"line":13,"column":0},"end":{"line":13,"column":55}},"12":{"start":{"line":26,"column":2},"end":{"line":26,"column":67}},"13":{"start":{"line":30,"column":2},"end":{"line":30,"column":53}},"14":{"start":{"line":34,"column":16},"end":{"line":37,"column":4}},"15":{"start":{"line":38,"column":2},"end":{"line":38,"column":39}},"16":{"start":{"line":38,"column":26},"end":{"line":38,"column":37}},"17":{"start":{"line":42,"column":16},"end":{"line":48,"column":4}},"18":{"start":{"line":49,"column":2},"end":{"line":64,"column":3}},"19":{"start":{"line":51,"column":6},"end":{"line":52,"column":33}},"20":{"start":{"line":51,"column":66},"end":{"line":51,"column":71}},"21":{"start":{"line":53,"column":4},"end":{"line":53,"column":59}},"22":{"start":{"line":53,"column":13},"end":{"line":53,"column":59}},"23":{"start":{"line":54,"column":17},"end":{"line":54,"column":46}},"24":{"start":{"line":55,"column":34},"end":{"line":62,"column":6}},"25":{"start":{"line":63,"column":4},"end":{"line":63,"column":32}},"26":{"start":{"line":66,"column":15},"end":{"line":66,"column":75}},"27":{"start":{"line":67,"column":2},"end":{"line":67,"column":59}},"28":{"start":{"line":67,"column":13},"end":{"line":67,"column":59}},"29":{"start":{"line":70,"column":4},"end":{"line":71,"column":30}},"30":{"start":{"line":70,"column":63},"end":{"line":70,"column":68}},"31":{"start":{"line":72,"column":2},"end":{"line":72,"column":57}},"32":{"start":{"line":72,"column":11},"end":{"line":72,"column":57}},"33":{"start":{"line":74,"column":15},"end":{"line":74,"column":49}},"34":{"start":{"line":75,"column":2},"end":{"line":75,"column":55}},"35":{"start":{"line":75,"column":13},"end":{"line":75,"column":55}},"36":{"start":{"line":77,"column":32},"end":{"line":86,"column":4}},"37":{"start":{"line":87,"column":2},"end":{"line":87,"column":30}},"38":{"start":{"line":91,"column":22},"end":{"line":93,"column":4}},"39":{"start":{"line":94,"column":23},"end":{"line":94,"column":35}},"40":{"start":{"line":95,"column":20},"end":{"line":95,"column":30}},"41":{"start":{"line":96,"column":2},"end":{"line":96,"column":45}},"42":{"start":{"line":98,"column":2},"end":{"line":103,"column":5}},"43":{"start":{"line":105,"column":2},"end":{"line":105,"column":54}},"44":{"start":{"line":109,"column":14},"end":{"line":109,"column":76}},"45":{"start":{"line":110,"column":2},"end":{"line":110,"column":87}},"46":{"start":{"line":110,"column":42},"end":{"line":110,"column":87}},"47":{"start":{"line":113,"column":2},"end":{"line":137,"column":3}},"48":{"start":{"line":114,"column":18},"end":{"line":114,"column":50}},"49":{"start":{"line":115,"column":4},"end":{"line":115,"column":37}},"50":{"start":{"line":115,"column":16},"end":{"line":115,"column":37}},"51":{"start":{"line":116,"column":4},"end":{"line":122,"column":6}},"52":{"start":{"line":124,"column":17},"end":{"line":124,"column":52}},"53":{"start":{"line":125,"column":4},"end":{"line":125,"column":36}},"54":{"start":{"line":125,"column":15},"end":{"line":125,"column":36}},"55":{"start":{"line":126,"column":17},"end":{"line":126,"column":51}},"56":{"start":{"line":127,"column":4},"end":{"line":127,"column":36}},"57":{"start":{"line":127,"column":15},"end":{"line":127,"column":36}},"58":{"start":{"line":128,"column":4},"end":{"line":136,"column":6}},"59":{"start":{"line":139,"column":2},"end":{"line":139,"column":22}},"60":{"start":{"line":140,"column":2},"end":{"line":140,"column":30}},"61":{"start":{"line":144,"column":2},"end":{"line":144,"column":65}},"62":{"start":{"line":152,"column":15},"end":{"line":152,"column":64}},"63":{"start":{"line":153,"column":2},"end":{"line":169,"column":3}},"64":{"start":{"line":154,"column":18},"end":{"line":154,"column":47}},"65":{"start":{"line":155,"column":4},"end":{"line":155,"column":37}},"66":{"start":{"line":155,"column":16},"end":{"line":155,"column":37}},"67":{"start":{"line":157,"column":6},"end":{"line":158,"column":40}},"68":{"start":{"line":157,"column":73},"end":{"line":157,"column":78}},"69":{"start":{"line":159,"column":4},"end":{"line":159,"column":86}},"70":{"start":{"line":159,"column":13},"end":{"line":159,"column":86}},"71":{"start":{"line":160,"column":4},"end":{"line":160,"column":43}},"72":{"start":{"line":162,"column":17},"end":{"line":162,"column":49}},"73":{"start":{"line":163,"column":4},"end":{"line":163,"column":36}},"74":{"start":{"line":163,"column":15},"end":{"line":163,"column":36}},"75":{"start":{"line":165,"column":6},"end":{"line":166,"column":39}},"76":{"start":{"line":165,"column":72},"end":{"line":165,"column":77}},"77":{"start":{"line":167,"column":4},"end":{"line":167,"column":86}},"78":{"start":{"line":167,"column":13},"end":{"line":167,"column":86}},"79":{"start":{"line":168,"column":4},"end":{"line":168,"column":42}}},"fnMap":{"0":{"name":"mapAdminRole","decl":{"start":{"line":25,"column":9},"end":{"line":25,"column":21}},"loc":{"start":{"line":25,"column":39},"end":{"line":27,"column":1}}},"1":{"name":"mapPersonneRole","decl":{"start":{"line":29,"column":9},"end":{"line":29,"column":24}},"loc":{"start":{"line":29,"column":45},"end":{"line":31,"column":1}}},"2":{"name":"getChildrenMatricules","decl":{"start":{"line":33,"column":15},"end":{"line":33,"column":36}},"loc":{"start":{"line":33,"column":51},"end":{"line":39,"column":1}}},"3":{"name":"(anonymous_4)","decl":{"start":{"line":38,"column":19},"end":{"line":38,"column":20}},"loc":{"start":{"line":38,"column":26},"end":{"line":38,"column":37}}},"4":{"name":"login","decl":{"start":{"line":41,"column":22},"end":{"line":41,"column":27}},"loc":{"start":{"line":41,"column":62},"end":{"line":88,"column":1}}},"5":{"name":"(anonymous_6)","decl":{"start":{"line":51,"column":60},"end":{"line":51,"column":63}},"loc":{"start":{"line":51,"column":66},"end":{"line":51,"column":71}}},"6":{"name":"(anonymous_7)","decl":{"start":{"line":70,"column":57},"end":{"line":70,"column":60}},"loc":{"start":{"line":70,"column":63},"end":{"line":70,"column":68}}},"7":{"name":"issueTokens","decl":{"start":{"line":90,"column":15},"end":{"line":90,"column":26}},"loc":{"start":{"line":90,"column":48},"end":{"line":106,"column":1}}},"8":{"name":"refresh","decl":{"start":{"line":108,"column":22},"end":{"line":108,"column":29}},"loc":{"start":{"line":108,"column":50},"end":{"line":141,"column":1}}},"9":{"name":"logout","decl":{"start":{"line":143,"column":22},"end":{"line":143,"column":28}},"loc":{"start":{"line":143,"column":49},"end":{"line":145,"column":1}}},"10":{"name":"changePassword","decl":{"start":{"line":147,"column":22},"end":{"line":147,"column":36}},"loc":{"start":{"line":150,"column":21},"end":{"line":170,"column":1}}},"11":{"name":"(anonymous_12)","decl":{"start":{"line":157,"column":67},"end":{"line":157,"column":70}},"loc":{"start":{"line":157,"column":73},"end":{"line":157,"column":78}}},"12":{"name":"(anonymous_13)","decl":{"start":{"line":165,"column":66},"end":{"line":165,"column":69}},"loc":{"start":{"line":165,"column":72},"end":{"line":165,"column":77}}}},"branchMap":{"0":{"loc":{"start":{"line":26,"column":9},"end":{"line":26,"column":66}},"type":"binary-expr","locations":[{"start":{"line":26,"column":9},"end":{"line":26,"column":38}},{"start":{"line":26,"column":42},"end":{"line":26,"column":66}}]},"1":{"loc":{"start":{"line":30,"column":9},"end":{"line":30,"column":52}},"type":"binary-expr","locations":[{"start":{"line":30,"column":9},"end":{"line":30,"column":44}},{"start":{"line":30,"column":48},"end":{"line":30,"column":52}}]},"2":{"loc":{"start":{"line":49,"column":2},"end":{"line":64,"column":3}},"type":"if","locations":[{"start":{"line":49,"column":2},"end":{"line":64,"column":3}},{"start":{},"end":{}}]},"3":{"loc":{"start":{"line":51,"column":6},"end":{"line":52,"column":33}},"type":"binary-expr","locations":[{"start":{"line":51,"column":7},"end":{"line":51,"column":72}},{"start":{"line":52,"column":6},"end":{"line":52,"column":33}}]},"4":{"loc":{"start":{"line":53,"column":4},"end":{"line":53,"column":59}},"type":"if","locations":[{"start":{"line":53,"column":4},"end":{"line":53,"column":59}},{"start":{},"end":{}}]},"5":{"loc":{"start":{"line":67,"column":2},"end":{"line":67,"column":59}},"type":"if","locations":[{"start":{"line":67,"column":2},"end":{"line":67,"column":59}},{"start":{},"end":{}}]},"6":{"loc":{"start":{"line":70,"column":4},"end":{"line":71,"column":30}},"type":"binary-expr","locations":[{"start":{"line":70,"column":5},"end":{"line":70,"column":69}},{"start":{"line":71,"column":4},"end":{"line":71,"column":30}}]},"7":{"loc":{"start":{"line":72,"column":2},"end":{"line":72,"column":57}},"type":"if","locations":[{"start":{"line":72,"column":2},"end":{"line":72,"column":57}},{"start":{},"end":{}}]},"8":{"loc":{"start":{"line":75,"column":2},"end":{"line":75,"column":55}},"type":"if","locations":[{"start":{"line":75,"column":2},"end":{"line":75,"column":55}},{"start":{},"end":{}}]},"9":{"loc":{"start":{"line":85,"column":6},"end":{"line":85,"column":82}},"type":"cond-expr","locations":[{"start":{"line":85,"column":30},"end":{"line":85,"column":70}},{"start":{"line":85,"column":73},"end":{"line":85,"column":82}}]},"10":{"loc":{"start":{"line":110,"column":2},"end":{"line":110,"column":87}},"type":"if","locations":[{"start":{"line":110,"column":2},"end":{"line":110,"column":87}},{"start":{},"end":{}}]},"11":{"loc":{"start":{"line":110,"column":6},"end":{"line":110,"column":40}},"type":"binary-expr","locations":[{"start":{"line":110,"column":6},"end":{"line":110,"column":10}},{"start":{"line":110,"column":14},"end":{"line":110,"column":40}}]},"12":{"loc":{"start":{"line":113,"column":2},"end":{"line":137,"column":3}},"type":"if","locations":[{"start":{"line":113,"column":2},"end":{"line":137,"column":3}},{"start":{"line":123,"column":9},"end":{"line":137,"column":3}}]},"13":{"loc":{"start":{"line":115,"column":4},"end":{"line":115,"column":37}},"type":"if","locations":[{"start":{"line":115,"column":4},"end":{"line":115,"column":37}},{"start":{},"end":{}}]},"14":{"loc":{"start":{"line":125,"column":4},"end":{"line":125,"column":36}},"type":"if","locations":[{"start":{"line":125,"column":4},"end":{"line":125,"column":36}},{"start":{},"end":{}}]},"15":{"loc":{"start":{"line":127,"column":4},"end":{"line":127,"column":36}},"type":"if","locations":[{"start":{"line":127,"column":4},"end":{"line":127,"column":36}},{"start":{},"end":{}}]},"16":{"loc":{"start":{"line":135,"column":8},"end":{"line":135,"column":84}},"type":"cond-expr","locations":[{"start":{"line":135,"column":32},"end":{"line":135,"column":72}},{"start":{"line":135,"column":75},"end":{"line":135,"column":84}}]},"17":{"loc":{"start":{"line":153,"column":2},"end":{"line":169,"column":3}},"type":"if","locations":[{"start":{"line":153,"column":2},"end":{"line":169,"column":3}},{"start":{"line":161,"column":9},"end":{"line":169,"column":3}}]},"18":{"loc":{"start":{"line":155,"column":4},"end":{"line":155,"column":37}},"type":"if","locations":[{"start":{"line":155,"column":4},"end":{"line":155,"column":37}},{"start":{},"end":{}}]},"19":{"loc":{"start":{"line":157,"column":6},"end":{"line":158,"column":40}},"type":"binary-expr","locations":[{"start":{"line":157,"column":7},"end":{"line":157,"column":79}},{"start":{"line":158,"column":6},"end":{"line":158,"column":40}}]},"20":{"loc":{"start":{"line":159,"column":4},"end":{"line":159,"column":86}},"type":"if","locations":[{"start":{"line":159,"column":4},"end":{"line":159,"column":86}},{"start":{},"end":{}}]},"21":{"loc":{"start":{"line":163,"column":4},"end":{"line":163,"column":36}},"type":"if","locations":[{"start":{"line":163,"column":4},"end":{"line":163,"column":36}},{"start":{},"end":{}}]},"22":{"loc":{"start":{"line":165,"column":6},"end":{"line":166,"column":39}},"type":"binary-expr","locations":[{"start":{"line":165,"column":7},"end":{"line":165,"column":78}},{"start":{"line":166,"column":6},"end":{"line":166,"column":39}}]},"23":{"loc":{"start":{"line":167,"column":4},"end":{"line":167,"column":86}},"type":"if","locations":[{"start":{"line":167,"column":4},"end":{"line":167,"column":86}},{"start":{},"end":{}}]}},"s":{"0":2,"1":2,"2":2,"3":2,"4":2,"5":2,"6":2,"7":2,"8":2,"9":2,"10":2,"11":2,"12":1,"13":1,"14":1,"15":1,"16":2,"17":4,"18":4,"19":2,"20":0,"21":2,"22":1,"23":1,"24":1,"25":1,"26":2,"27":2,"28":1,"29":1,"30":0,"31":1,"32":0,"33":1,"34":1,"35":0,"36":1,"37":1,"38":2,"39":2,"40":2,"41":2,"42":2,"43":2,"44":0,"45":0,"46":0,"47":0,"48":0,"49":0,"50":0,"51":0,"52":0,"53":0,"54":0,"55":0,"56":0,"57":0,"58":0,"59":0,"60":0,"61":1,"62":0,"63":0,"64":0,"65":0,"66":0,"67":0,"68":0,"69":0,"70":0,"71":0,"72":0,"73":0,"74":0,"75":0,"76":0,"77":0,"78":0,"79":0},"f":{"0":1,"1":1,"2":1,"3":2,"4":4,"5":0,"6":0,"7":2,"8":0,"9":1,"10":0,"11":0,"12":0},"b":{"0":[1,0],"1":[1,0],"2":[2,2],"3":[2,1],"4":[1,1],"5":[1,1],"6":[1,0],"7":[0,1],"8":[0,1],"9":[1,0],"10":[0,0],"11":[0,0],"12":[0,0],"13":[0,0],"14":[0,0],"15":[0,0],"16":[0,0],"17":[0,0],"18":[0,0],"19":[0,0],"20":[0,0],"21":[0,0],"22":[0,0],"23":[0,0]}}
,"/home/david/digischool/ecole-app/apps/api/src/routes/api.ts": {"path":"/home/david/digischool/ecole-app/apps/api/src/routes/api.ts","statementMap":{"0":{"start":{"line":1,"column":0},"end":{"line":1,"column":66}},"1":{"start":{"line":2,"column":0},"end":{"line":2,"column":30}},"2":{"start":{"line":3,"column":0},"end":{"line":3,"column":31}},"3":{"start":{"line":4,"column":0},"end":{"line":4,"column":44}},"4":{"start":{"line":5,"column":0},"end":{"line":5,"column":51}},"5":{"start":{"line":6,"column":0},"end":{"line":6,"column":50}},"6":{"start":{"line":7,"column":0},"end":{"line":7,"column":55}},"7":{"start":{"line":8,"column":0},"end":{"line":8,"column":null}},"8":{"start":{"line":38,"column":0},"end":{"line":38,"column":64}},"9":{"start":{"line":39,"column":0},"end":{"line":39,"column":35}},"10":{"start":{"line":40,"column":0},"end":{"line":40,"column":40}},"11":{"start":{"line":41,"column":0},"end":{"line":41,"column":39}},"12":{"start":{"line":42,"column":0},"end":{"line":42,"column":64}},"13":{"start":{"line":43,"column":0},"end":{"line":43,"column":36}},"14":{"start":{"line":44,"column":0},"end":{"line":44,"column":24}},"15":{"start":{"line":45,"column":0},"end":{"line":45,"column":20}},"16":{"start":{"line":46,"column":0},"end":{"line":46,"column":33}},"17":{"start":{"line":47,"column":0},"end":{"line":47,"column":34}},"18":{"start":{"line":48,"column":0},"end":{"line":48,"column":94}},"19":{"start":{"line":50,"column":15},"end":{"line":50,"column":23}},"20":{"start":{"line":53,"column":2},"end":{"line":55,"column":34}},"21":{"start":{"line":54,"column":2},"end":{"line":55,"column":34}},"22":{"start":{"line":55,"column":4},"end":{"line":55,"column":34}},"23":{"start":{"line":58,"column":15},"end":{"line":58,"column":69}},"24":{"start":{"line":59,"column":19},"end":{"line":59,"column":93}},"25":{"start":{"line":60,"column":2},"end":{"line":60,"column":57}},"26":{"start":{"line":64,"column":2},"end":{"line":66,"column":3}},"27":{"start":{"line":65,"column":4},"end":{"line":65,"column":77}},"28":{"start":{"line":67,"column":2},"end":{"line":67,"column":15}},"29":{"start":{"line":71,"column":0},"end":{"line":85,"column":2}},"30":{"start":{"line":74,"column":35},"end":{"line":74,"column":43}},"31":{"start":{"line":75,"column":4},"end":{"line":75,"column":80}},"32":{"start":{"line":75,"column":32},"end":{"line":75,"column":80}},"33":{"start":{"line":76,"column":19},"end":{"line":76,"column":62}},"34":{"start":{"line":77,"column":4},"end":{"line":82,"column":7}},"35":{"start":{"line":83,"column":4},"end":{"line":83,"column":79}},"36":{"start":{"line":87,"column":0},"end":{"line":96,"column":2}},"37":{"start":{"line":90,"column":18},"end":{"line":90,"column":68}},"38":{"start":{"line":91,"column":4},"end":{"line":91,"column":59}},"39":{"start":{"line":91,"column":16},"end":{"line":91,"column":59}},"40":{"start":{"line":92,"column":19},"end":{"line":92,"column":51}},"41":{"start":{"line":93,"column":4},"end":{"line":93,"column":122}},"42":{"start":{"line":94,"column":4},"end":{"line":94,"column":79}},"43":{"start":{"line":98,"column":0},"end":{"line":107,"column":2}},"44":{"start":{"line":102,"column":18},"end":{"line":102,"column":68}},"45":{"start":{"line":103,"column":4},"end":{"line":103,"column":47}},"46":{"start":{"line":103,"column":15},"end":{"line":103,"column":47}},"47":{"start":{"line":104,"column":4},"end":{"line":104,"column":36}},"48":{"start":{"line":105,"column":4},"end":{"line":105,"column":27}},"49":{"start":{"line":109,"column":0},"end":{"line":117,"column":2}},"50":{"start":{"line":113,"column":45},"end":{"line":113,"column":53}},"51":{"start":{"line":114,"column":4},"end":{"line":114,"column":78}},"52":{"start":{"line":115,"column":4},"end":{"line":115,"column":37}},"53":{"start":{"line":119,"column":0},"end":{"line":125,"column":2}},"54":{"start":{"line":123,"column":4},"end":{"line":123,"column":33}},"55":{"start":{"line":128,"column":0},"end":{"line":142,"column":2}},"56":{"start":{"line":133,"column":46},"end":{"line":133,"column":60}},"57":{"start":{"line":134,"column":28},"end":{"line":139,"column":6}},"58":{"start":{"line":140,"column":4},"end":{"line":140,"column":61}},"59":{"start":{"line":144,"column":0},"end":{"line":167,"column":2}},"60":{"start":{"line":149,"column":15},"end":{"line":149,"column":23}},"61":{"start":{"line":150,"column":17},"end":{"line":150,"column":93}},"62":{"start":{"line":151,"column":18},"end":{"line":162,"column":6}},"63":{"start":{"line":163,"column":4},"end":{"line":163,"column":47}},"64":{"start":{"line":164,"column":37},"end":{"line":164,"column":51}},"65":{"start":{"line":165,"column":4},"end":{"line":165,"column":41}},"66":{"start":{"line":169,"column":0},"end":{"line":180,"column":2}},"67":{"start":{"line":174,"column":18},"end":{"line":174,"column":61}},"68":{"start":{"line":175,"column":4},"end":{"line":175,"column":33}},"69":{"start":{"line":175,"column":16},"end":{"line":175,"column":33}},"70":{"start":{"line":176,"column":4},"end":{"line":176,"column":33}},"71":{"start":{"line":177,"column":4},"end":{"line":177,"column":66}},"72":{"start":{"line":178,"column":4},"end":{"line":178,"column":30}},"73":{"start":{"line":182,"column":0},"end":{"line":193,"column":2}},"74":{"start":{"line":187,"column":18},"end":{"line":187,"column":61}},"75":{"start":{"line":188,"column":4},"end":{"line":188,"column":33}},"76":{"start":{"line":188,"column":16},"end":{"line":188,"column":33}},"77":{"start":{"line":189,"column":4},"end":{"line":189,"column":40}},"78":{"start":{"line":190,"column":4},"end":{"line":190,"column":66}},"79":{"start":{"line":191,"column":4},"end":{"line":191,"column":27}},"80":{"start":{"line":196,"column":0},"end":{"line":210,"column":2}},"81":{"start":{"line":201,"column":46},"end":{"line":201,"column":60}},"82":{"start":{"line":202,"column":28},"end":{"line":207,"column":6}},"83":{"start":{"line":208,"column":4},"end":{"line":208,"column":61}},"84":{"start":{"line":212,"column":0},"end":{"line":230,"column":2}},"85":{"start":{"line":217,"column":15},"end":{"line":217,"column":23}},"86":{"start":{"line":218,"column":17},"end":{"line":218,"column":93}},"87":{"start":{"line":219,"column":14},"end":{"line":226,"column":6}},"88":{"start":{"line":227,"column":4},"end":{"line":227,"column":51}},"89":{"start":{"line":228,"column":4},"end":{"line":228,"column":38}},"90":{"start":{"line":232,"column":0},"end":{"line":238,"column":4}},"91":{"start":{"line":233,"column":12},"end":{"line":233,"column":58}},"92":{"start":{"line":234,"column":2},"end":{"line":234,"column":27}},"93":{"start":{"line":234,"column":10},"end":{"line":234,"column":27}},"94":{"start":{"line":235,"column":2},"end":{"line":235,"column":34}},"95":{"start":{"line":236,"column":2},"end":{"line":236,"column":68}},"96":{"start":{"line":237,"column":2},"end":{"line":237,"column":25}},"97":{"start":{"line":241,"column":0},"end":{"line":254,"column":2}},"98":{"start":{"line":245,"column":46},"end":{"line":245,"column":60}},"99":{"start":{"line":246,"column":18},"end":{"line":246,"column":57}},"100":{"start":{"line":247,"column":4},"end":{"line":250,"column":5}},"101":{"start":{"line":248,"column":16},"end":{"line":248,"column":80}},"102":{"start":{"line":249,"column":6},"end":{"line":249,"column":68}},"103":{"start":{"line":249,"column":53},"end":{"line":249,"column":64}},"104":{"start":{"line":251,"column":28},"end":{"line":251,"column":81}},"105":{"start":{"line":252,"column":4},"end":{"line":252,"column":61}},"106":{"start":{"line":256,"column":0},"end":{"line":272,"column":2}},"107":{"start":{"line":261,"column":22},"end":{"line":261,"column":30}},"108":{"start":{"line":262,"column":18},"end":{"line":268,"column":6}},"109":{"start":{"line":269,"column":4},"end":{"line":269,"column":56}},"110":{"start":{"line":270,"column":4},"end":{"line":270,"column":42}},"111":{"start":{"line":274,"column":0},"end":{"line":286,"column":2}},"112":{"start":{"line":278,"column":16},"end":{"line":278,"column":58}},"113":{"start":{"line":279,"column":4},"end":{"line":281,"column":5}},"114":{"start":{"line":280,"column":6},"end":{"line":280,"column":24}},"115":{"start":{"line":282,"column":18},"end":{"line":282,"column":43}},"116":{"start":{"line":283,"column":4},"end":{"line":283,"column":51}},"117":{"start":{"line":283,"column":34},"end":{"line":283,"column":51}},"118":{"start":{"line":284,"column":4},"end":{"line":284,"column":30}},"119":{"start":{"line":288,"column":0},"end":{"line":298,"column":2}},"120":{"start":{"line":293,"column":18},"end":{"line":293,"column":68}},"121":{"start":{"line":294,"column":4},"end":{"line":294,"column":33}},"122":{"start":{"line":294,"column":16},"end":{"line":294,"column":33}},"123":{"start":{"line":295,"column":4},"end":{"line":295,"column":33}},"124":{"start":{"line":296,"column":4},"end":{"line":296,"column":30}},"125":{"start":{"line":300,"column":0},"end":{"line":317,"column":2}},"126":{"start":{"line":305,"column":15},"end":{"line":305,"column":23}},"127":{"start":{"line":306,"column":14},"end":{"line":314,"column":6}},"128":{"start":{"line":315,"column":4},"end":{"line":315,"column":38}},"129":{"start":{"line":320,"column":17},"end":{"line":325,"column":1}},"130":{"start":{"line":321,"column":44},"end":{"line":321,"column":58}},"131":{"start":{"line":322,"column":16},"end":{"line":322,"column":46}},"132":{"start":{"line":323,"column":26},"end":{"line":323,"column":79}},"133":{"start":{"line":324,"column":2},"end":{"line":324,"column":59}},"134":{"start":{"line":327,"column":0},"end":{"line":327,"column":100}},"135":{"start":{"line":327,"column":61},"end":{"line":327,"column":97}},"136":{"start":{"line":328,"column":0},"end":{"line":332,"column":4}},"137":{"start":{"line":329,"column":13},"end":{"line":329,"column":21}},"138":{"start":{"line":330,"column":14},"end":{"line":330,"column":119}},"139":{"start":{"line":331,"column":2},"end":{"line":331,"column":38}},"140":{"start":{"line":334,"column":0},"end":{"line":334,"column":103}},"141":{"start":{"line":334,"column":62},"end":{"line":334,"column":100}},"142":{"start":{"line":335,"column":0},"end":{"line":339,"column":4}},"143":{"start":{"line":336,"column":13},"end":{"line":336,"column":21}},"144":{"start":{"line":337,"column":14},"end":{"line":337,"column":124}},"145":{"start":{"line":338,"column":2},"end":{"line":338,"column":38}},"146":{"start":{"line":341,"column":0},"end":{"line":345,"column":4}},"147":{"start":{"line":342,"column":44},"end":{"line":342,"column":58}},"148":{"start":{"line":343,"column":26},"end":{"line":343,"column":72}},"149":{"start":{"line":344,"column":2},"end":{"line":344,"column":59}},"150":{"start":{"line":346,"column":0},"end":{"line":350,"column":4}},"151":{"start":{"line":347,"column":13},"end":{"line":347,"column":21}},"152":{"start":{"line":348,"column":14},"end":{"line":348,"column":109}},"153":{"start":{"line":349,"column":2},"end":{"line":349,"column":38}},"154":{"start":{"line":352,"column":0},"end":{"line":352,"column":118}},"155":{"start":{"line":352,"column":69},"end":{"line":352,"column":115}},"156":{"start":{"line":353,"column":0},"end":{"line":357,"column":4}},"157":{"start":{"line":354,"column":13},"end":{"line":354,"column":21}},"158":{"start":{"line":355,"column":14},"end":{"line":355,"column":132}},"159":{"start":{"line":356,"column":2},"end":{"line":356,"column":38}},"160":{"start":{"line":359,"column":0},"end":{"line":362,"column":4}},"161":{"start":{"line":360,"column":15},"end":{"line":360,"column":40}
[...]
{"line":714,"column":46}},"loc":{"start":{"line":714,"column":61},"end":{"line":716,"column":1}}},"68":{"name":"(anonymous_78)","decl":{"start":{"line":718,"column":48},"end":{"line":718,"column":53}},"loc":{"start":{"line":718,"column":68},"end":{"line":720,"column":1}}},"69":{"name":"(anonymous_79)","decl":{"start":{"line":722,"column":74},"end":{"line":722,"column":79}},"loc":{"start":{"line":722,"column":93},"end":{"line":726,"column":1}}},"70":{"name":"(anonymous_80)","decl":{"start":{"line":741,"column":50},"end":{"line":741,"column":55}},"loc":{"start":{"line":741,"column":70},"end":{"line":743,"column":1}}},"71":{"name":"(anonymous_81)","decl":{"start":{"line":746,"column":59},"end":{"line":746,"column":64}},"loc":{"start":{"line":746,"column":78},"end":{"line":762,"column":1}}}},"branchMap":{"0":{"loc":{"start":{"line":58,"column":43},"end":{"line":58,"column":62}},"type":"binary-expr","locations":[{"start":{"line":58,"column":43},"end":{"line":58,"column":57}},{"start":{"line":58,"column":61},"end":{"line":58,"column":62}}]},"1":{"loc":{"start":{"line":59,"column":61},"end":{"line":59,"column":85}},"type":"binary-expr","locations":[{"start":{"line":59,"column":61},"end":{"line":59,"column":79}},{"start":{"line":59,"column":83},"end":{"line":59,"column":85}}]},"2":{"loc":{"start":{"line":63,"column":41},"end":{"line":63,"column":76}},"type":"default-arg","locations":[{"start":{"line":63,"column":74},"end":{"line":63,"column":76}}]},"3":{"loc":{"start":{"line":64,"column":2},"end":{"line":66,"column":3}},"type":"if","locations":[{"start":{"line":64,"column":2},"end":{"line":66,"column":3}},{"start":{},"end":{}}]},"4":{"loc":{"start":{"line":64,"column":6},"end":{"line":64,"column":76}},"type":"binary-expr","locations":[{"start":{"line":64,"column":6},"end":{"line":64,"column":37}},{"start":{"line":64,"column":41},"end":{"line":64,"column":76}}]},"5":{"loc":{"start":{"line":75,"column":4},"end":{"line":75,"column":80}},"type":"if","locations":[{"start":{"line":75,"column":4},"end":{"line":75,"column":80}},{"start":{},"end":{}}]},"6":{"loc":{"start":{"line":75,"column":8},"end":{"line":75,"column":30}},"type":"binary-expr","locations":[{"start":{"line":75,"column":8},"end":{"line":75,"column":17}},{"start":{"line":75,"column":21},"end":{"line":75,"column":30}}]},"7":{"loc":{"start":{"line":90,"column":18},"end":{"line":90,"column":68}},"type":"binary-expr","locations":[{"start":{"line":90,"column":18},"end":{"line":90,"column":43}},{"start":{"line":90,"column":47},"end":{"line":90,"column":68}}]},"8":{"loc":{"start":{"line":91,"column":4},"end":{"line":91,"column":59}},"type":"if","locations":[{"start":{"line":91,"column":4},"end":{"line":91,"column":59}},{"start":{},"end":{}}]},"9":{"loc":{"start":{"line":102,"column":18},"end":{"line":102,"column":68}},"type":"binary-expr","locations":[{"start":{"line":102,"column":18},"end":{"line":102,"column":43}},{"start":{"line":102,"column":47},"end":{"line":102,"column":68}}]},"10":{"loc":{"start":{"line":103,"column":4},"end":{"line":103,"column":47}},"type":"if","locations":[{"start":{"line":103,"column":4},"end":{"line":103,"column":47}},{"start":{},"end":{}}]},"11":{"loc":{"start":{"line":150,"column":35},"end":{"line":150,"column":73}},"type":"binary-expr","locations":[{"start":{"line":150,"column":35},"end":{"line":150,"column":52}},{"start":{"line":150,"column":56},"end":{"line":150,"column":73}}]},"12":{"loc":{"start":{"line":156,"column":17},"end":{"line":156,"column":40}},"type":"binary-expr","locations":[{"start":{"line":156,"column":17},"end":{"line":156,"column":35}},{"start":{"line":156,"column":39},"end":{"line":156,"column":40}}]},"13":{"loc":{"start":{"line":157,"column":14},"end":{"line":157,"column":36}},"type":"binary-expr","locations":[{"start":{"line":157,"column":14},"end":{"line":157,"column":29}},{"start":{"line":157,"column":33},"end":{"line":157,"column":36}}]},"14":{"loc":{"start":{"line":158,"column":16},"end":{"line":158,"column":40}},"type":"binary-expr","locations":[{"start":{"line":158,"column":16},"end":{"line":158,"column":33}},{"start":{"line":158,"column":37},"end":{"line":158,"column":40}}]},"15":{"loc":{"start":{"line":175,"column":4},"end":{"line":175,"column":33}},"type":"if","locations":[{"start":{"line":175,"column":4},"end":{"line":175,"column":33}},{"start":{},"end":{}}]},"16":{"loc":{"start":{"line":188,"column":4},"end":{"line":188,"column":33}},"type":"if","locations":[{"start":{"line":188,"column":4},"end":{"line":188,"column":33}},{"start":{},"end":{}}]},"17":{"loc":{"start":{"line":218,"column":35},"end":{"line":218,"column":73}},"type":"binary-expr","locations":[{"start":{"line":218,"column":35},"end":{"line":218,"column":52}},{"start":{"line":218,"column":56},"end":{"line":218,"column":73}}]},"18":{"loc":{"start":{"line":234,"column":2},"end":{"line":234,"column":27}},"type":"if","locations":[{"start":{"line":234,"column":2},"end":{"line":234,"column":27}},{"start":{},"end":{}}]},"19":{"loc":{"start":{"line":247,"column":4},"end":{"line":250,"column":5}},"type":"if","locations":[{"start":{"line":247,"column":4},"end":{"line":250,"column":5}},{"start":{},"end":{}}]},"20":{"loc":{"start":{"line":279,"column":4},"end":{"line":281,"column":5}},"type":"if","locations":[{"start":{"line":279,"column":4},"end":{"line":281,"column":5}},{"start":{},"end":{}}]},"21":{"loc":{"start":{"line":279,"column":8},"end":{"line":279,"column":86}},"type":"binary-expr","locations":[{"start":{"line":279,"column":8},"end":{"line":279,"column":39}},{"start":{"line":279,"column":43},"end":{"line":279,"column":86}}]},"22":{"loc":{"start":{"line":283,"column":4},"end":{"line":283,"column":51}},"type":"if","locations":[{"start":{"line":283,"column":4},"end":{"line":283,"column":51}},{"start":{},"end":{}}]},"23":{"loc":{"start":{"line":283,"column":8},"end":{"line":283,"column":32}},"type":"binary-expr","locations":[{"start":{"line":283,"column":8},"end":{"line":283,"column":14}},{"start":{"line":283,"column":18},"end":{"line":283,"column":32}}]},"24":{"loc":{"start":{"line":294,"column":4},"end":{"line":294,"column":33}},"type":"if","locations":[{"start":{"line":294,"column":4},"end":{"line":294,"column":33}},{"start":{},"end":{}}]},"25":{"loc":{"start":{"line":311,"column":19},"end":{"line":311,"column":48}},"type":"binary-expr","locations":[{"start":{"line":311,"column":19},"end":{"line":311,"column":39}},{"start":{"line":311,"column":43},"end":{"line":311,"column":48}}]},"26":{"loc":{"start":{"line":320,"column":77},"end":{"line":320,"column":117}},"type":"default-arg","locations":[{"start":{"line":320,"column":115},"end":{"line":320,"column":117}}]},"27":{"loc":{"start":{"line":385,"column":12},"end":{"line":385,"column":67}},"type":"cond-expr","locations":[{"start":{"line":385,"column":23},"end":{"line":385,"column":54}},{"start":{"line":385,"column":57},"end":{"line":385,"column":67}}]},"28":{"loc":{"start":{"line":395,"column":2},"end":{"line":395,"column":65}},"type":"if","locations":[{"start":{"line":395,"column":2},"end":{"line":395,"column":65}},{"start":{},"end":{}}]},"29":{"loc":{"start":{"line":396,"column":2},"end":{"line":398,"column":3}},"type":"if","locations":[{"start":{"line":396,"column":2},"end":{"line":398,"column":3}},{"start":{},"end":{}}]},"30":{"loc":{"start":{"line":397,"column":33},"end":{"line":397,"column":66}},"type":"binary-expr","locations":[{"start":{"line":397,"column":33},"end":{"line":397,"column":60}},{"start":{"line":397,"column":64},"end":{"line":397,"column":66}}]},"31":{"loc":{"start":{"line":404,"column":16},"end":{"line":404,"column":42}},"type":"binary-expr","locations":[{"start":{"line":404,"column":16},"end":{"line":404,"column":36}},{"start":{"line":404,"column":40},"end":{"line":404,"column":42}}]},"32":{"loc":{"start":{"line":415,"column":2},"end":{"line":415,"column":28}},"type":"if","locations":[{"start":{"line":415,"column":2},"end":{"line":415,"column":28}},{"start":{},"end":{}}]},"33":{"loc":{"start":{"line":423,"column":2},"end":{"line":423,"column":104}},"type":"if","locations":[{"start":{"line":423,"column":2},"end":{"line":423,"column":104}},{"start":{},"end":{}}]},"34":{"loc":{"start":{"line":423,"column":6},"end":{"line":423,"column":84}},"type":"binary-expr","locations":[{"start":{"line":423,"column":6},"end":{"line":423,"column":37}},{"start":{"line":423,"column":41},"end":{"line":423,"column":84}}]},"35":{"loc":{"start":{"line":427,"column":2},"end":{"line":427,"column":27}},"type":"if","locations":[{"start":{"line":427,"column":2},"end":{"line":427,"column":27}},{"start":{},"end":{}}]},"36":{"loc":{"start":{"line":428,"column":2},"end":{"line":428,"column":91}},"type":"if","locations":[{"start":{"line":428,"column":2},"end":{"line":428,"column":91}},{"start":{},"end":{}}]},"37":{"loc":{"start":{"line":428,"column":6},"end":{"line":428,"column":50}},"type":"binary-expr","locations":[{"start":{"line":428,"column":6},"end":{"line":428,"column":37}},{"start":{"line":428,"column":41},"end":{"line":428,"column":50}}]},"38":{"loc":{"start":{"line":434,"column":2},"end":{"line":434,"column":59}},"type":"if","locations":[{"start":{"line":434,"column":2},"end":{"line":434,"column":59}},{"start":{},"end":{}}]},"39":{"loc":{"start":{"line":452,"column":12},"end":{"line":452,"column":24}},"type":"binary-expr","locations":[{"start":{"line":452,"column":12},"end":{"line":452,"column":16}},{"start":{"line":452,"column":20},"end":{"line":452,"column":24}}]},"40":{"loc":{"start":{"line":465,"column":2},"end":{"line":465,"column":27}},"type":"if","locations":[{"start":{"line":465,"column":2},"end":{"line":465,"column":27}},{"start":{},"end":{}}]},"41":{"loc":{"start":{"line":487,"column":14},"end":{"line":487,"column":45}},"type":"binary-expr","locations":[{"start":{"line":487,"column":14},"end":{"line":487,"column":31}},{"start":{"line":487,"column":35},"end":{"line":487,"column":45}}]},"42":{"loc":{"start":{"line":488,"column":9},"end":{"line":488,"column":64}},"type":"cond-expr","locations":[{"start":{"line":488,"column":20},"end":{"line":488,"column":51}},{"start":{"line":488,"column":54},"end":{"line":488,"column":64}}]},"43":{"loc":{"start":{"line":489,"column":16},"end":{"line":489,"column":49}},"type":"binary-expr","locations":[{"start":{"line":489,"column":16},"end":{"line":489,"column":35}},{"start":{"line":489,"column":39},"end":{"line":489,"column":49}}]},"44":{"loc":{"start":{"line":490,"column":18},"end":{"line":490,"column":53}},"type":"binary-expr","locations":[{"start":{"line":490,"column":18},"end":{"line":490,"column":39}},{"start":{"line":490,"column":43},"end":{"line":490,"column":53}}]},"45":{"loc":{"start":{"line":501,"column":18},"end":{"line":501,"column":66}},"type":"cond-expr","locations":[{"start":{"line":501,"column":36},"end":{"line":501,"column":59}},{"start":{"line":501,"column":62},"end":{"line":501,"column":66}}]},"46":{"loc":{"start":{"line":502,"column":4},"end":{"line":502,"column":49}},"type":"if","locations":[{"start":{"line":502,"column":4},"end":{"line":502,"column":49}},{"start":{},"end":{}}]},"47":{"loc":{"start":{"line":544,"column":2},"end":{"line":555,"column":3}},"type":"if","locations":[{"start":{"line":544,"column":2},"end":{"line":555,"column":3}},{"start":{"line":553,"column":9},"end":{"line":555,"column":3}}]},"48":{"loc":{"start":{"line":551,"column":4},"end":{"line":551,"column":58}},"type":"if","locations":[{"start":{"line":551,"column":4},"end":{"line":551,"column":58}},{"start":{},"end":{}}]},"49":{"loc":{"start":{"line":553,"column":9},"end":{"line":555,"column":3}},"type":"if","locations":[{"start":{"line":553,"column":9},"end":{"line":555,"column":3}},{"start":{},"end":{}}]},"50":{"loc":{"start":{"line":556,"column":2},"end":{"line":556,"column":77}},"type":"if","locations":[{"start":{"line":556,"column":2},"end":{"line":556,"column":77}},{"start":{},"end":{}}]},"51":{"loc":{"start":{"line":569,"column":18},"end":{"line":569,"column":44}},"type":"binary-expr","locations":[{"start":{"line":569,"column":18},"end":{"line":569,"column":39}},{"start":{"line":569,"column":43},"end":{"line":569,"column":44}}]},"52":{"loc":{"start":{"line":570,"column":16},"end":{"line":570,"column":50}},"type":"binary-expr","locations":[{"start":{"line":570,"column":16},"end":{"line":570,"column":35}},{"start":{"line":570,"column":39},"end":{"line":570,"column":50}}]},"53":{"loc":{"start":{"line":571,"column":13},"end":{"line":571,"column":48}},"type":"cond-expr","locations":[{"start":{"line":571,"column":43},"end":{"line":571,"column":44}},{"start":{"line":571,"column":47},"end":{"line":571,"column":48}}]},"54":{"loc":{"start":{"line":579,"column":2},"end":{"line":579,"column":27}},"type":"if","locations":[{"start":{"line":579,"column":2},"end":{"line":579,"column":27}},{"start":{},"end":{}}]},"55":{"loc":{"start":{"line":586,"column":2},"end":{"line":586,"column":27}},"type":"if","locations":[{"start":{"line":586,"column":2},"end":{"line":586,"column":27}},{"start":{},"end":{}}]},"56":{"loc":{"start":{"line":607,"column":4},"end":{"line":607,"column":29}},"type":"if","locations":[{"start":{"line":607,"column":4},"end":{"line":607,"column":29}},{"start":{},"end":{}}]},"57":{"loc":{"start":{"line":637,"column":28},"end":{"line":637,"column":38}},"type":"binary-expr","locations":[{"start":{"line":637,"column":28},"end":{"line":637,"column":33}},{"start":{"line":637,"column":37},"end":{"line":637,"column":38}}]},"58":{"loc":{"start":{"line":648,"column":20},"end":{"line":648,"column":54}},"type":"binary-expr","locations":[{"start":{"line":648,"column":20},"end":{"line":648,"column":49}},{"start":{"line":648,"column":53},"end":{"line":648,"column":54}}]},"59":{"loc":{"start":{"line":668,"column":4},"end":{"line":668,"column":32}},"type":"if","locations":[{"start":{"line":668,"column":4},"end":{"line":668,"column":32}},{"start":{},"end":{}}]},"60":{"loc":{"start":{"line":676,"column":2},"end":{"line":676,"column":60}},"type":"if","locations":[{"start":{"line":676,"column":2},"end":{"line":676,"column":60}},{"start":{},"end":{}}]},"61":{"loc":{"start":{"line":676,"column":6},"end":{"line":676,"column":41}},"type":"binary-expr","locations":[{"start":{"line":676,"column":6},"end":{"line":676,"column":11}},{"start":{"line":676,"column":15},"end":{"line":676,"column":41}}]},"62":{"loc":{"start":{"line":678,"column":2},"end":{"line":678,"column":70}},"type":"if","locations":[{"start":{"line":678,"column":2},"end":{"line":678,"column":70}},{"start":{},"end":{}}]},"63":{"loc":{"start":{"line":685,"column":4},"end":{"line":685,"column":49}},"type":"if","locations":[{"start":{"line":685,"column":4},"end":{"line":685,"column":49}},{"start":{},"end":{}}]},"64":{"loc":{"start":{"line":699,"column":17},"end":{"line":699,"column":46}},"type":"binary-expr","locations":[{"start":{"line":699,"column":17},"end":{"line":699,"column":22}},{"start":{"line":699,"column":26},"end":{"line":699,"column":46}}]},"65":{"loc":{"start":{"line":700,"column":23},"end":{"line":700,"column":69}},"type":"binary-expr","locations":[{"start":{"line":700,"column":23},"end":{"line":700,"column":34}},{"start":{"line":700,"column":38},"end":{"line":700,"column":69}}]},"66":{"loc":{"start":{"line":748,"column":2},"end":{"line":748,"column":27}},"type":"if","locations":[{"start":{"line":748,"column":2},"end":{"line":748,"column":27}},{"start":{},"end":{}}]},"67":{"loc":{"start":{"line":749,"column":2},"end":{"line":751,"column":3}},"type":"if","locations":[{"start":{"line":749,"column":2},"end":{"line":751,"column":3}},{"start":{},"end":{}}]},"68":{"loc":{"start":{"line":749,"column":6},"end":{"line":749,"column":92}},"type":"binary-expr","locations":[{"start":{"line":749,"column":6},"end":{"line":749,"column":37}},{"start":{"line":749,"column":41},"end":{"line":749,"column":92}}]}},"s":{"0":1,"1":1,"2":1,"3":1,"4":1,"5":1,"6":1,"7":1,"8":1,"9":1,"10":1,"11":1,"12":1,"13":1,"14":1,"15":1,"16":1,"17":1,"18":1,"19":1,"20":1,"21":66,"22":2,"23":1,"24":1,"25":1,"26":0,"27":0,"28":0,"29":1,"30":1,"31":1,"32":1,"33":0,"34":0,"35":0,"36":1,"37":0,"38":0,"39":0,"40":0,"41":0,"42":0,"43":1,"44":0,"45":0,"46":0,"47":0,"48":0,"49":1,"50":0,"51":0,"52":0,"53":1,"54":0,"55":1,"56":1,"57":1,"58":1,"59":1,"60":0,"61":0,"62":0,"63":0,"64":0,"65":0,"66":1,"67":0,"68":0,"69":0,"70":0,"71":0,"72":0,"73":1,"74":0,"75":0,"76":0,"77":0,"78":0,"79":0,"80":1,"81":0,"82":0,"83":0,"84":1,"85":0,"86":0,"87":0,"88":0,"89":0,"90":1,"91":0,"92":0,"93":0,"94":0,"95":0,"96":0,"97":1,"98":0,"99":0,"100":0,"101":0,"102":0,"103":0,"104":0,"105":0,"106":1,"107":0,"108":0,"109":0,"110":0,"111":1,"112":0,"113":0,"114":0,"115":0,"116":0,"117":0,"118":0,"119":1,"120":0,"121":0,"122":0,"123":0,"124":0,"125":1,"126":0,"127":0,"128":0,"129":1,"130":0,"131":0,"132":0,"133":0,"134":1,"135":0,"136":1,"137":0,"138":0,"139":0,"140":1,"141":0,"142":1,"143":0,"144":0,"145":0,"146":1,"147":0,"148":0,"149":0,"150":1,"151":0,"152":0,"153":0,"154":1,"155":0,"156":1,"157":0,"158":0,"159":0,"160":1,"161":0,"162":0,"163":1,"164":0,"165":1,"166":0,"167":0,"168":1,"169":0,"170":0,"171":0,"172":1,"173":0,"174":0,"175":0,"176":1,"177":0,"178":0,"179":0,"180":0,"181":0,"182":0,"183":0,"184":1,"185":0,"186":0,"187":0,"188":0,"189":0,"190":0,"191":1,"192":0,"193":0,"194":0,"195":0,"196":0,"197":1,"198":0,"199":0,"200":0,"201":0,"202":0,"203":0,"204":0,"205":0,"206":0,"207":1,"208":0,"209":0,"210":0,"211":0,"212":0,"213":0,"214":0,"215":0,"216":0,"217":0,"218":0,"219":0,"220":1,"221":0,"222":0,"223":0,"224":0,"225":0,"226":1,"227":0,"228":0,"229":0,"230":0,"231":1,"232":0,"233":0,"234":0,"235":0,"236":1,"237":0,"238":0,"239":0,"240":0,"241":0,"242":1,"243":0,"244":1,"245":0,"246":1,"247":0,"248":1,"249":0,"250":0,"251":0,"252":1,"253":0,"254":0,"255":0,"256":1,"257":0,"258":0,"259":0,"260":1,"261":0,"262":0,"263":0,"264":0,"265":0,"266":0,"267":0,"268":0,"269":0,"270":0,"271":0,"272":0,"273":0,"274":1,"275":0,"276":0,"277":0,"278":1,"279":0,"280":0,"281":0,"282":0,"283":0,"284":1,"285":0,"286":0,"287":0,"288":0,"289":0,"290":1,"291":0,"292":0,"293":0,"294":1,"295":0,"296":0,"297":0,"298":1,"299":0,"300":0,"301":0,"302":0,"303":0,"304":0,"305":1,"306":0,"307":1,"308":0,"309":0,"310":0,"311":1,"312":0,"313":0,"314":0,"315":1,"316":0,"317":0,"318":0,"319":0,"320":0,"321":0,"322":1,"323":0,"324":0,"325":0,"326":1,"327":0,"328":1,"329":0,"330":0,"331":0,"332":0,"333":0,"334":1,"335":0,"336":0,"337":0,"338":0,"339":0,"340":0,"341":0,"342":1,"343":0,"344":0,"345":0,"346":0,"347":0,"348":0,"349":0,"350":0,"351":0,"352":0,"353":0,"354":0,"355":1,"356":0,"357":1,"358":0,"359":1,"360":0,"361":0,"362":0,"363":1,"364":0,"365":1,"366":0,"367":0,"368":0,"369":0,"370":0,"371":0,"372":0,"373":0,"374":0,"375":0,"376":0,"377":0,"378":0,"379":0,"380":0,"381":1},"f":{"0":66,"1":2,"2":1,"3":0,"4":1,"5":0,"6":0,"7":0,"8":0,"9":1,"10":0,"11":0,"12":0,"13":0,"14":0,"15":0,"16":0,"17":0,"18":0,"19":0,"20":0,"21":0,"22":0,"23":0,"24":0,"25":0,"26":0,"27":0,"28":0,"29":0,"30":0,"31":0,"32":0,"33":0,"34":0,"35":0,"36":0,"37":0,"38":0,"39":0,"40":0,"41":0,"42":0,"43":0,"44":0,"45":0,"46":0,"47":0,"48":0,"49":0,"50":0,"51":0,"52":0,"53":0,"54":0,"55":0,"56":0,"57":0,"58":0,"59":0,"60":0,"61":0,"62":0,"63":0,"64":0,"65":0,"66":0,"67":0,"68":0,"69":0,"70":0,"71":0},"b":{"0":[1,1],"1":[1,1],"2":[0],"3":[0,0],"4":[0,0],"5":[1,0],"6":[1,0],"7":[0,0],"8":[0,0],"9":[0,0],"10":[0,0],"11":[0,0],"12":[0,0],"13":[0,0],"14":[0,0],"15":[0,0],"16":[0,0],"17":[0,0],"18":[0,0],"19":[0,0],"20":[0,0],"21":[0,0],"22":[0,0],"23":[0,0],"24":[0,0],"25":[0,0],"26":[0],"27":[0,0],"28":[0,0],"29":[0,0],"30":[0,0],"31":[0,0],"32":[0,0],"33":[0,0],"34":[0,0],"35":[0,0],"36":[0,0],"37":[0,0],"38":[0,0],"39":[0,0],"40":[0,0],"41":[0,0],"42":[0,0],"43":[0,0],"44":[0,0],"45":[0,0],"46":[0,0],"47":[0,0],"48":[0,0],"49":[0,0],"50":[0,0],"51":[0,0],"52":[0,0],"53":[0,0],"54":[0,0],"55":[0,0],"56":[0,0],"57":[0,0],"58":[0,0],"59":[0,0],"60":[0,0],"61":[0,0],"62":[0,0],"63":[0,0],"64":[0,0],"65":[0,0],"66":[0,0],"67":[0,0],"68":[0,0]}}
}
