TN:
SF:src/app.ts
FN:14,createApp
FN:29,(anonymous_2)
FNF:2
FNH:2
FNDA:1,createApp
FNDA:5,(anonymous_2)
DA:1,1
DA:2,1
DA:3,1
DA:4,1
DA:5,1
DA:6,1
DA:7,1
DA:8,1
DA:9,1
DA:10,1
DA:11,1
DA:12,1
DA:14,1
DA:15,1
DA:17,1
DA:18,1
DA:24,1
DA:25,1
DA:26,1
DA:27,1
DA:29,1
DA:30,5
DA:31,5
DA:34,1
DA:38,1
DA:40,1
DA:45,1
DA:47,1
DA:48,1
DA:49,1
DA:50,1
DA:52,1
LF:32
LH:32
BRDA:36,0,0,0
BRDA:36,0,1,1
BRF:2
BRH:1
end_of_record
TN:
SF:src/config/env.ts
FNF:0
FNH:0
DA:1,2
DA:2,2
DA:4,2
DA:6,2
LF:4
LH:4
BRDA:7,0,0,2
BRDA:7,0,1,0
BRDA:8,1,0,2
BRDA:8,1,1,0
BRDA:9,2,0,2
BRDA:9,2,1,0
BRDA:10,3,0,2
BRDA:10,3,1,0
BRDA:11,4,0,2
BRDA:11,4,1,0
BRDA:12,5,0,2
BRDA:12,5,1,0
BRDA:13,6,0,2
BRDA:13,6,1,0
BRDA:14,7,0,2
BRDA:14,7,1,0
BRDA:15,8,0,2
BRDA:15,8,1,0
BRDA:16,9,0,2
BRDA:16,9,1,0
BRDA:17,10,0,2
BRDA:17,10,1,0
BRDA:18,11,0,2
BRDA:18,11,1,0
BRDA:19,12,0,2
BRDA:19,12,1,0
BRDA:20,13,0,2
BRDA:20,13,1,0
BRDA:21,14,0,2
BRDA:21,14,1,0
BRF:30
BRH:15
end_of_record
TN:
SF:src/db/index.ts
FNF:0
FNH:0
DA:1,1
DA:2,1
DA:4,1
LF:3
LH:3
BRDA:9,0,0,0
BRDA:9,0,1,1
BRF:2
BRH:1
end_of_record
TN:
SF:src/db/models/Admin.ts
FNF:0
FNH:0
DA:1,1
DA:2,1
DA:4,1
DA:6,1
DA:18,1
LF:5
LH:5
BRF:0
BRH:0
end_of_record
TN:
SF:src/db/models/AnneeAcademique.ts
FNF:0
FNH:0
DA:1,1
DA:2,1
DA:4,1
DA:6,1
DA:14,1
LF:5
LH:5
BRF:0
BRH:0
end_of_record
TN:
SF:src/db/models/AuditLog.ts
FNF:0
FNH:0
DA:1,1
DA:2,1
DA:4,1
DA:6,1
DA:17,1
LF:5
LH:5
BRF:0
BRH:0
end_of_record
TN:
SF:src/db/models/Bulletin.ts
FNF:0
FNH:0
DA:1,1
DA:2,1
DA:4,1
DA:6,1
DA:16,1
LF:5
LH:5
BRF:0
BRH:0
end_of_record
TN:
SF:src/db/models/Classe.ts
FNF:0
FNH:0
DA:1,1
DA:2,1
DA:4,1
DA:6,1
DA:14,1
LF:5
LH:5
BRF:0
BRH:0
end_of_record
TN:
SF:src/db/models/Cours.ts
FNF:0
FNH:0
DA:1,1
DA:2,1
DA:4,1
DA:6,1
DA:18,1
LF:5
LH:5
BRF:0
BRH:0
end_of_record
TN:
SF:src/db/models/Cycle.ts
FNF:0
FNH:0
DA:1,1
DA:2,1
DA:4,1
DA:6,1
DA:14,1
LF:5
LH:5
BRF:0
BRH:0
end_of_record
TN:
SF:src/db/models/Discipline.ts
FNF:0
FNH:0
DA:1,1
DA:2,1
DA:4,1
DA:6,1
DA:11,1
LF:5
LH:5
BRF:0
BRH:0
end_of_record
TN:
SF:src/db/models/Eleve.ts
FNF:0
FNH:0
DA:1,1
DA:2,1
DA:4,1
DA:6,1
DA:21,1
LF:5
LH:5
BRF:0
BRH:0
end_of_record
TN:
SF:src/db/models/EmploiDuTemps.ts
FNF:0
FNH:0
DA:1,1
DA:2,1
DA:4,1
DA:6,1
DA:15,1
LF:5
LH:5
BRF:0
BRH:0
end_of_record
TN:
SF:src/db/models/Enseignant.ts
FNF:0
FNH:0
DA:1,1
DA:2,1
DA:4,1
DA:6,1
DA:15,1
LF:5
LH:5
BRF:0
BRH:0
end_of_record
TN:
SF:src/db/models/Epreuve.ts
FNF:0
FNH:0
DA:1,1
DA:2,1
DA:4,1
DA:6,1
DA:16,1
LF:5
LH:5
BRF:0
BRH:0
end_of_record
TN:
SF:src/db/models/Evaluation.ts
FNF:0
FNH:0
DA:1,1
DA:2,1
DA:4,1
DA:6,1
DA:17,1
LF:5
LH:5
BRF:0
BRH:0
end_of_record
TN:
SF:src/db/models/Frequente.ts
FNF:0
FNH:0
DA:1,1
DA:2,1
DA:4,1
DA:6,1
DA:15,1
LF:5
LH:5
BRF:0
BRH:0
end_of_record
TN:
SF:src/db/models/Livres.ts
FNF:0
FNH:0
DA:1,1
DA:2,1
DA:4,1
DA:6,1
DA:18,1
LF:5
LH:5
BRF:0
BRH:0
end_of_record
TN:
SF:src/db/models/Messages.ts
FNF:0
FNH:0
DA:1,1
DA:2,1
DA:4,1
DA:6,1
DA:17,1
LF:5
LH:5
BRF:0
BRH:0
end_of_record
TN:
SF:src/db/models/Mode.ts
FNF:0
FNH:0
DA:1,1
DA:2,1
DA:4,1
DA:6,1
DA:14,1
LF:5
LH:5
BRF:0
BRH:0
end_of_record
TN:
SF:src/db/models/NatureEpreuve.ts
FNF:0
FNH:0
DA:1,1
DA:2,1
DA:4,1
DA:6,1
DA:11,1
LF:5
LH:5
BRF:0
BRH:0
end_of_record
TN:
SF:src/db/models/Paiement.ts
FNF:0
FNH:0
DA:1,1
DA:2,1
DA:4,1
DA:6,1
DA:19,1
LF:5
LH:5
BRF:0
BRH:0
end_of_record
TN:
SF:src/db/models/Parents.ts
FNF:0
FNH:0
DA:1,1
DA:2,1
DA:4,1
DA:6,1
DA:14,1
LF:5
LH:5
BRF:0
BRH:0
end_of_record
TN:
SF:src/db/models/Personne.ts
FNF:0
FNH:0
DA:1,1
DA:2,1
DA:4,1
DA:6,1
DA:23,1
LF:5
LH:5
BRF:0
BRH:0
end_of_record
TN:
SF:src/db/models/Rapport.ts
FNF:0
FNH:0
DA:1,1
DA:2,1
DA:4,1
DA:6,1
DA:18,1
LF:5
LH:5
BRF:0
BRH:0
end_of_record
TN:
SF:src/db/models/RefreshToken.ts
FNF:0
FNH:0
DA:1,1
DA:2,1
DA:4,1
DA:6,1
DA:13,1
LF:5
LH:5
BRF:0
BRH:0
end_of_record
TN:
SF:src/db/models/Salle.ts
FNF:0
FNH:0
DA:1,1
DA:2,1
DA:4,1
DA:6,1
DA:16,1
LF:5
LH:5
BRF:0
BRH:0
end_of_record
TN:
SF:src/db/models/Scolarite.ts
FNF:0
FNH:0
DA:1,1
DA:2,1
DA:4,1
DA:6,1
DA:16,1
LF:5
LH:5
BRF:0
BRH:0
end_of_record
TN:
SF:src/db/models/Session.ts
FNF:0
FNH:0
DA:1,1
DA:2,1
DA:4,1
DA:6,1
DA:15,1
LF:5
LH:5
BRF:0
BRH:0
end_of_record
TN:
SF:src/db/models/Specialite.ts
FNF:0
FNH:0
DA:1,1
DA:2,1
DA:4,1
DA:6,1
DA:11,1
LF:5
LH:5
BRF:0
BRH:0
end_of_record
TN:
SF:src/db/models/Tranches.ts
FNF:0
FNH:0
DA:1,1
DA:2,1
DA:4,1
DA:6,1
DA:16,1
LF:5
LH:5
BRF:0
BRH:0
end_of_record
TN:
SF:src/db/models/Trimestre.ts
FNF:0
FNH:0
DA:1,1
DA:2,1
DA:4,1
DA:6,1
DA:13,1
LF:5
LH:5
BRF:0
BRH:0
end_of_record
TN:
SF:src/db/models/VilleNaissance.ts
FNF:0
FNH:0
DA:1,1
DA:2,1
DA:4,1
DA:6,1
DA:11,1
LF:5
LH:5
BRF:0
BRH:0
end_of_record
TN:
SF:src/db/models/index.ts
FN:4,(anonymous_0)
FN:6,(anonymous_1)
FN:8,(anonymous_2)
FN:10,(anonymous_3)
FN:12,(anonymous_4)
FN:14,(anonymous_5)
FN:16,(anonymous_6)
FN:18,(anonymous_7)
FN:20,(anonymous_8)
FN:22,(anonymous_9)
FN:24,(anonymous_10)
FN:26,(anonymous_11)
FN:28,(anonymous_12)
FN:30,(anonymous_13)
FN:32,(anonymous_14)
FN:34,(anonymous_15)
FN:36,(anonymous_16)
FN:38,(anonymous_17)
FN:40,(anonymous_18)
FN:42,(anonymous_19)
FN:44,(anonymous_20)
FN:46,(anonymous_21)
FN:48,(anonymous_22)
FN:50,(anonymous_23)
FN:52,(anonymous_24)
FN:54,(anonymous_25)
FN:56,(anonymous_26)
FN:58,(anonymous_27)
FN:60,(anonymous_28)
FN:62,(anonymous_29)
FN:126,syncAppTables
FNF:31
FNH:1
FNDA:0,(anonymous_0)
FNDA:0,(anonymous_1)
FNDA:0,(anonymous_2)
FNDA:1,(anonymous_3)
FNDA:0,(anonymous_4)
FNDA:0,(anonymous_5)
FNDA:0,(anonymous_6)
FNDA:0,(anonymous_7)
FNDA:0,(anonymous_8)
FNDA:0,(anonymous_9)
FNDA:0,(anonymous_10)
FNDA:0,(anonymous_11)
FNDA:0,(anonymous_12)
FNDA:0,(anonymous_13)
FNDA:0,(anonymous_14)
FNDA:0,(anonymous_15)
FNDA:0,(anonymous_16)
FNDA:0,(anonymous_17)
FNDA:0,(anonymous_18)
FNDA:0,(anonymous_19)
FNDA:0,(anonymous_20)
FNDA:0,(anonymous_21)
FNDA:0,(anonymous_22)
FNDA:0,(anonymous_23)
FNDA:0,(anonymous_24)
FNDA:0,(anonymous_25)
FNDA:0,(anonymous_26)
FNDA:0,(anonymous_27)
FNDA:0,(anonymous_28)
FNDA:0,(anonymous_29)
FNDA:0,syncAppTables
DA:3,1
DA:4,1
DA:5,1
DA:6,1
DA:7,1
DA:8,1
DA:9,1
DA:10,2
DA:11,1
DA:12,1
DA:13,1
DA:14,1
DA:15,1
DA:16,1
DA:17,1
DA:18,1
DA:19,1
DA:20,1
DA:21,1
DA:22,1
DA:23,1
DA:24,1
DA:25,1
DA:26,1
DA:27,1
DA:28,1
DA:29,1
DA:30,1
DA:31,1
DA:32,1
DA:33,1
DA:34,1
DA:35,1
DA:36,1
DA:37,1
DA:38,1
DA:39,1
DA:40,1
DA:41,1
DA:42,1
DA:43,1
DA:44,1
DA:45,1
DA:46,1
DA:47,1
DA:48,1
DA:49,1
DA:50,1
DA:51,1
DA:52,1
DA:53,1
DA:54,1
DA:55,1
DA:56,1
DA:57,1
DA:58,1
DA:59,1
DA:60,1
DA:61,1
DA:62,1
DA:65,1
DA:66,1
DA:67,1
DA:68,1
DA:69,1
DA:70,1
DA:71,1
DA:72,1
DA:73,1
DA:74,1
DA:75,1
DA:76,1
DA:77,1
DA:78,1
DA:79,1
DA:80,1
DA:81,1
DA:82,1
DA:83,1
DA:84,1
DA:85,1
DA:86,1
DA:87,1
DA:88,1
DA:89,1
DA:90,1
DA:91,1
DA:93,1
DA:126,1
DA:127,0
DA:128,0
DA:129,0
LF:92
LH:89
BRF:0
BRH:0
end_of_record
TN:
SF:src/lib/audit.ts
FN:4,logAudit
FNF:1
FNH:0
FNDA:0,logAudit
DA:2,1
DA:4,1
DA:11,0
DA:12,0
DA:13,0
DA:24,0
LF:6
LH:2
BRDA:11,0,0,0
BRDA:11,0,1,0
BRDA:19,1,0,0
BRDA:19,1,1,0
BRDA:20,2,0,0
BRDA:20,2,1,0
BRDA:21,3,0,0
BRDA:21,3,1,0
BRF:8
BRH:0
end_of_record
TN:
SF:src/lib/averages.ts
FN:16,moyenneParCoursSession
FN:47,moyenneTrimestrielle
FN:71,rangDansSalle
FNF:3
FNH:3
FNDA:1,moyenneParCoursSession
FNDA:1,moyenneTrimestrielle
FNDA:1,rangDansSalle
DA:1,2
DA:16,2
DA:20,1
DA:40,1
DA:47,2
DA:51,1
DA:64,1
DA:71,2
DA:76,1
DA:95,1
LF:10
LH:10
BRDA:64,0,0,1
BRDA:64,0,1,0
BRDA:95,1,0,1
BRDA:95,1,1,0
BRF:4
BRH:2
end_of_record
TN:
SF:src/lib/errors.ts
FN:2,(anonymous_0)
FN:13,(anonymous_1)
FN:14,(anonymous_2)
FN:15,(anonymous_3)
FN:16,(anonymous_4)
FNF:5
FNH:4
FNDA:5,(anonymous_0)
FNDA:0,(anonymous_1)
FNDA:1,(anonymous_2)
FNDA:3,(anonymous_3)
FNDA:1,(anonymous_4)
DA:1,2
DA:3,5
DA:4,5
DA:6,5
DA:8,5
DA:9,5
DA:13,2
DA:14,2
DA:15,3
DA:16,2
DA:17,1
LF:11
LH:11
BRDA:13,0,0,0
BRDA:14,1,0,1
BRDA:15,2,0,1
BRF:3
BRH:2
end_of_record
TN:
SF:src/lib/id.ts
FN:9,nextId
FN:19,nextIdSafe
FNF:2
FNH:0
FNDA:0,nextId
FNDA:0,nextIdSafe
DA:1,1
DA:9,1
DA:10,0
DA:11,0
DA:12,0
DA:19,1
DA:20,0
DA:24,0
DA:25,0
LF:9
LH:3
BRDA:24,0,0,0
BRDA:24,0,1,0
BRF:2
BRH:0
end_of_record
TN:
SF:src/lib/pagination.ts
FN:1,paginate
FN:7,paginatedResponse
FNF:2
FNH:2
FNDA:1,paginate
FNDA:1,paginatedResponse
DA:1,1
DA:2,1
DA:3,1
DA:4,1
DA:7,1
DA:8,1
LF:6
LH:6
BRDA:1,0,0,0
BRDA:1,1,0,0
BRDA:14,2,0,1
BRDA:14,2,1,0
BRF:4
BRH:1
end_of_record
TN:
SF:src/lib/upload.ts
FN:11,(anonymous_1)
FN:12,(anonymous_2)
FN:20,(anonymous_3)
FNF:3
FNH:0
FNDA:0,(anonymous_1)
FNDA:0,(anonymous_2)
FNDA:0,(anonymous_3)
DA:1,1
DA:2,1
DA:3,1
DA:4,1
DA:5,1
DA:7,1
DA:8,1
DA:10,1
DA:11,0
DA:13,0
DA:17,1
DA:21,0
DA:27,0
LF:13
LH:9
BRDA:8,0,0,0
BRDA:8,0,1,1
BRF:2
BRH:1
end_of_record
TN:
SF:src/middlewares/auth.ts
FN:26,authRequired
FN:39,optionalAuth
FNF:2
FNH:1
FNDA:3,authRequired
FNDA:0,optionalAuth
DA:2,1
DA:3,1
DA:5,1
DA:26,1
DA:27,3
DA:28,3
DA:29,2
DA:30,2
DA:31,2
DA:32,2
DA:33,2
DA:35,0
DA:39,1
DA:40,0
DA:41,0
DA:42,0
DA:43,0
DA:44,0
DA:49,0
LF:19
LH:12
BRDA:28,0,0,1
BRDA:28,0,1,2
BRDA:41,1,0,0
BRDA:41,1,1,0
BRF:4
BRH:2
end_of_record
TN:
SF:src/middlewares/error.ts
FN:4,errorHandler
FN:16,notFoundHandler
FNF:2
FNH:2
FNDA:3,errorHandler
FNDA:1,notFoundHandler
DA:2,1
DA:4,1
DA:5,3
DA:6,3
DA:10,0
DA:11,0
DA:16,1
DA:17,1
LF:8
LH:6
BRDA:5,0,0,3
BRDA:5,0,1,0
BRF:2
BRH:1
end_of_record
TN:
SF:src/middlewares/rbac.ts
FN:6,(anonymous_0)
FN:7,(anonymous_1)
FNF:2
FNH:2
FNDA:32,(anonymous_0)
FNDA:2,(anonymous_1)
DA:3,1
DA:5,1
DA:6,1
DA:7,32
DA:8,2
DA:9,2
DA:10,1
LF:7
LH:7
BRDA:8,0,0,0
BRDA:8,0,1,2
BRDA:9,1,0,1
BRDA:9,1,1,1
BRF:4
BRH:3
end_of_record
TN:
SF:src/modules/auth.service.ts
FN:25,mapAdminRole
FN:29,mapPersonneRole
FN:33,getChildrenMatricules
FN:38,(anonymous_4)
FN:41,login
FN:51,(anonymous_6)
FN:70,(anonymous_7)
FN:90,issueTokens
FN:108,refresh
FN:143,logout
FN:147,changePassword
FN:157,(anonymous_12)
FN:165,(anonymous_13)
FNF:13
FNH:7
FNDA:1,mapAdminRole
FNDA:1,mapPersonneRole
FNDA:1,getChildrenMatricules
FNDA:2,(anonymous_4)
FNDA:4,login
FNDA:0,(anonymous_6)
FNDA:0,(anonymous_7)
FNDA:2,issueTokens
FNDA:0,refresh
FNDA:1,logout
FNDA:0,changePassword
FNDA:0,(anonymous_12)
FNDA:0,(anonymous_13)
DA:1,2
DA:2,2
DA:3,2
DA:4,2
DA:5,2
DA:11,2
DA:12,2
DA:13,2
DA:26,1
DA:30,1
DA:34,1
DA:38,2
DA:41,2
DA:42,4
DA:49,4
DA:51,2
DA:53,2
DA:54,1
DA:55,1
DA:63,1
DA:66,2
DA:67,2
DA:70,1
DA:72,1
DA:74,1
DA:75,1
DA:77,1
DA:87,1
DA:91,2
DA:94,2
DA:95,2
DA:96,2
DA:98,2
DA:105,2
DA:108,2
DA:109,0
DA:110,0
DA:113,0
DA:114,0
DA:115,0
DA:116,0
DA:124,0
DA:125,0
DA:126,0
DA:127,0
DA:128,0
DA:139,0
DA:140,0
DA:143,2
DA:144,1
DA:147,2
DA:152,0
DA:153,0
DA:154,0
DA:155,0
DA:157,0
DA:159,0
DA:160,0
DA:162,0
DA:163,0
DA:165,0
DA:167,0
DA:168,0
LF:63
LH:38
BRDA:26,0,0,1
BRDA:26,0,1,0
BRDA:30,1,0,1
BRDA:30,1,1,0
BRDA:49,2,0,2
BRDA:49,2,1,2
BRDA:51,3,0,2
BRDA:51,3,1,1
BRDA:53,4,0,1
BRDA:53,4,1,1
BRDA:67,5,0,1
BRDA:67,5,1,1
BRDA:70,6,0,1
BRDA:70,6,1,0
BRDA:72,7,0,0
BRDA:72,7,1,1
BRDA:75,8,0,0
BRDA:75,8,1,1
BRDA:85,9,0,1
BRDA:85,9,1,0
BRDA:110,10,0,0
BRDA:110,10,1,0
BRDA:110,11,0,0
BRDA:110,11,1,0
BRDA:113,12,0,0
BRDA:113,12,1,0
BRDA:115,13,0,0
BRDA:115,13,1,0
BRDA:125,14,0,0
BRDA:125,14,1,0
BRDA:127,15,0,0
BRDA:127,15,1,0
BRDA:135,16,0,0
BRDA:135,16,1,0
BRDA:153,17,0,0
BRDA:153,17,1,0
BRDA:155,18,0,0
BRDA:155,18,1,0
BRDA:157,19,0,0
BRDA:157,19,1,0
BRDA:159,20,0,0
BRDA:159,20,1,0
BRDA:163,21,0,0
BRDA:163,21,1,0
BRDA:165,22,0,0
BRDA:165,22,1,0
BRDA:167,23,0,0
BRDA:167,23,1,0
BRF:48
BRH:14
end_of_record
TN:
SF:src/routes/api.ts
FN:53,(anonymous_10)
FN:54,(anonymous_11)
FN:57,parsePage
FN:63,scopeStudentWhere
FN:73,(anonymous_14)
FN:89,(anonymous_15)
FN:101,(anonymous_16)
FN:112,(anonymous_17)
FN:122,(anonymous_18)
FN:132,(anonymous_19)
FN:148,(anonymous_20)
FN:173,(anonymous_21)
FN:186,(anonymous_22)
FN:200,(anonymous_23)
FN:216,(anonymous_24)
FN:232,(anonymous_25)
FN:244,(anonymous_26)
FN:249,(anonymous_27)
FN:260,(anonymous_28)
FN:277,(anonymous_29)
FN:292,(anonymous_30)
FN:304,(anonymous_31)
FN:320,(anonymous_32)
FN:327,(anonymous_33)
FN:328,(anonymous_34)
FN:334,(anonymous_35)
FN:335,(anonymous_36)
FN:341,(anonymous_37)
FN:346,(anonymous_38)
FN:352,(anonymous_39)
FN:353,(anonymous_40)
FN:359,(anonymous_41)
FN:364,(anonymous_42)
FN:366,(anonymous_43)
FN:372,(anonymous_44)
FN:378,(anonymous_45)
FN:393,(anonymous_46)
FN:403,(anonymous_47)
FN:413,(anonymous_48)
FN:421,(anonymous_49)
FN:432,(anonymous_50)
FN:463,(anonymous_51)
FN:471,(anonymous_52)
FN:478,(anonymous_53)
FN:500,(anonymous_54)
FN:516,(anonymous_55)
FN:519,(anonymous_56)
FN:522,(anonymous_57)
FN:525,(anonymous_58)
FN:530,(anonymous_59)
FN:535,(anonymous_60)
FN:542,(anonymous_61)
FN:561,(anonymous_62)
FN:577,(anonymous_63)
FN:584,(anonymous_64)
FN:592,(anonymous_65)
FN:598,(anonymous_66)
FN:605,(anonymous_67)
FN:623,(anonymous_68)
FN:628,(anonymous_69)
FN:634,(anonymous_70)
FN:640,(anonymous_71)
FN:652,(anonymous_72)
FN:658,(anonymous_73)
FN:666,(anonymous_74)
FN:674,(anonymous_75)
FN:683,(anonymous_76)
FN:714,(anonymous_77)
FN:718,(anonymous_78)
FN:722,(anonymous_79)
FN:741,(anonymous_80)
FN:746,(anonymous_81)
FNF:72
FNH:5
FNDA:66,(anonymous_10)
FNDA:2,(anonymous_11)
FNDA:1,parsePage
FNDA:0,scopeStudentWhere
FNDA:1,(anonymous_14)
FNDA:0,(anonymous_15)
FNDA:0,(anonymous_16)
FNDA:0,(anonymous_17)
FNDA:0,(anonymous_18)
FNDA:1,(anonymous_19)
FNDA:0,(anonymous_20)
FNDA:0,(anonymous_21)
FNDA:0,(anonymous_22)
FNDA:0,(anonymous_23)
FNDA:0,(anonymous_24)
FNDA:0,(anonymous_25)
FNDA:0,(anonymous_26)
FNDA:0,(anonymous_27)
FNDA:0,(anonymous_28)
FNDA:0,(anonymous_29)
FNDA:0,(anonymous_30)
FNDA:0,(anonymous_31)
FNDA:0,(anonymous_32)
FNDA:0,(anonymous_33)
FNDA:0,(anonymous_34)
FNDA:0,(anonymous_35)
FNDA:0,(anonymous_36)
FNDA:0,(anonymous_37)
FNDA:0,(anonymous_38)
FNDA:0,(anonymous_39)
FNDA:0,(anonymous_40)
FNDA:0,(anonymous_41)
FNDA:0,(anonymous_42)
FNDA:0,(anonymous_43)
FNDA:0,(anonymous_44)
FNDA:0,(anonymous_45)
FNDA:0,(anonymous_46)
FNDA:0,(anonymous_47)
FNDA:0,(anonymous_48)
FNDA:0,(anonymous_49)
FNDA:0,(anonymous_50)
FNDA:0,(anonymous_51)
FNDA:0,(anonymous_52)
FNDA:0,(anonymous_53)
FNDA:0,(anonymous_54)
FNDA:0,(anonymous_55)
FNDA:0,(anonymous_56)
FNDA:0,(anonymous_57)
FNDA:0,(anonymous_58)
FNDA:0,(anonymous_59)
FNDA:0,(anonymous_60)
FNDA:0,(anonymous_61)
FNDA:0,(anonymous_62)
FNDA:0,(anonymous_63)
FNDA:0,(anonymous_64)
FNDA:0,(anonymous_65)
FNDA:0,(anonymous_66)
FNDA:0,(anonymous_67)
FNDA:0,(anonymous_68)
FNDA:0,(anonymous_69)
FNDA:0,(anonymous_70)
FNDA:0,(anonymous_71)
FNDA:0,(anonymous_72)
FNDA:0,(anonymous_73)
FNDA:0,(anonymous_74)
FNDA:0,(anonymous_75)
FNDA:0,(anonymous_76)
FNDA:0,(anonymous_77)
FNDA:0,(anonymous_78)
FNDA:0,(anonymous_79)
FNDA:0,(anonymous_80)
FNDA:0,(anonymous_81)
DA:1,1
DA:2,1
DA:3,1
DA:4,1
DA:5,1
DA:6,1
DA:7,1
DA:8,1
DA:38,1
DA:39,1
DA:40,1
DA:41,1
DA:42,1
DA:43,1
DA:44,1
DA:45,1
DA:46,1
DA:47,1
DA:48,1
DA:50,1
DA:53,1
DA:54,66
DA:55,2
DA:58,1
DA:59,1
DA:60,1
DA:64,0
DA:65,0
DA:67,0
DA:71,1
DA:74,1
DA:75,1
DA:76,0
DA:77,0
DA:83,0
DA:87,1
DA:90,0
DA:91,0
DA:92,0
DA:93,0
DA:94,0
DA:98,1
DA:102,0
DA:103,0
DA:104,0
DA:105,0
DA:109,1
DA:113,0
DA:114,0
DA:115,0
DA:119,1
DA:123,0
DA:128,1
DA:133,1
DA:134,1
DA:140,1
DA:144,1
DA:149,0
DA:150,0
DA:151,0
DA:163,0
DA:164,0
DA:165,0
DA:169,1
DA:174,0
DA:175,0
DA:176,0
DA:177,0
DA:178,0
DA:182,1
DA:187,0
DA:188,0
DA:189,0
DA:190,0
DA:191,0
DA:196,1
DA:201,0
DA:202,0
DA:208,0
DA:212,1
DA:217,0
DA:218,0
DA:219,0
DA:227,0
DA:228,0
DA:232,1
DA:233,0
DA:234,0
DA:235,0
DA:236,0
DA:237,0
DA:241,1
DA:245,0
DA:246,0
DA:247,0
DA:248,0
DA:249,0
DA:251,0
DA:252,0
DA:256,1
DA:261,0
DA:262,0
DA:269,0
DA:270,0
DA:274,1
DA:278,0
DA:279,0
DA:280,0
DA:282,0
DA:283,0
DA:284,0
DA:288,1
DA:293,0
DA:294,0
DA:295,0
DA:296,0
DA:300,1
DA:305,0
DA:306,0
DA:315,0
DA:320,1
DA:321,0
DA:322,0
DA:323,0
DA:324,0
DA:327,1
DA:328,1
DA:329,0
DA:330,0
DA:331,0
DA:334,1
DA:335,1
DA:336,0
DA:337,0
DA:338,0
DA:341,1
DA:342,0
DA:343,0
DA:344,0
DA:346,1
DA:347,0
DA:348,0
DA:349,0
DA:352,1
DA:353,1
DA:354,0
DA:355,0
DA:356,0
DA:359,1
DA:360,0
DA:361,0
DA:364,1
DA:366,1
DA:367,0
DA:368,0
DA:372,1
DA:373,0
DA:374,0
DA:375,0
DA:378,1
DA:379,0
DA:380,0
DA:390,0
DA:393,1
DA:394,0
DA:395,0
DA:396,0
DA:397,0
DA:399,0
DA:400,0
DA:403,1
DA:404,0
DA:405,0
DA:406,0
DA:407,0
DA:408,0
DA:410,0
DA:413,1
DA:414,0
DA:415,0
DA:416,0
DA:417,0
DA:421,1
DA:422,0
DA:423,0
DA:424,0
DA:427,0
DA:428,0
DA:429,0
DA:432,1
DA:433,0
DA:434,0
DA:437,0
DA:443,0
DA:444,0
DA:445,0
DA:446,0
DA:448,0
DA:456,0
DA:459,0
DA:460,0
DA:463,1
DA:464,0
DA:465,0
DA:466,0
DA:467,0
DA:471,1
DA:472,0
DA:473,0
DA:474,0
DA:475,0
DA:478,1
DA:479,0
DA:480,0
DA:493,0
DA:494,0
DA:497,1
DA:501,0
DA:502,0
DA:503,0
DA:512,0
DA:516,1
DA:517,0
DA:519,1
DA:520,0
DA:522,1
DA:523,0
DA:525,1
DA:526,0
DA:527,0
DA:528,0
DA:530,1
DA:531,0
DA:532,0
DA:533,0
DA:535,1
DA:536,0
DA:537,0
DA:538,0
DA:542,1
DA:543,0
DA:544,0
DA:546,0
DA:551,0
DA:552,0
DA:553,0
DA:554,0
DA:556,0
DA:557,0
DA:558,0
DA:561,1
DA:562,0
DA:563,0
DA:574,0
DA:577,1
DA:578,0
DA:579,0
DA:580,0
DA:581,0
DA:584,1
DA:585,0
DA:586,0
DA:587,0
DA:588,0
DA:592,1
DA:593,0
DA:594,0
DA:595,0
DA:598,1
DA:599,0
DA:600,0
DA:601,0
DA:604,1
DA:606,0
DA:607,0
DA:608,0
DA:611,0
DA:612,0
DA:623,1
DA:624,0
DA:628,1
DA:629,0
DA:630,0
DA:631,0
DA:634,1
DA:635,0
DA:636,0
DA:637,0
DA:640,1
DA:641,0
DA:642,0
DA:643,0
DA:644,0
DA:648,0
DA:649,0
DA:652,1
DA:653,0
DA:654,0
DA:655,0
DA:658,1
DA:659,0
DA:662,1
DA:667,0
DA:668,0
DA:669,0
DA:670,0
DA:674,1
DA:675,0
DA:676,0
DA:677,0
DA:678,0
DA:679,0
DA:682,1
DA:684,0
DA:685,0
DA:686,0
DA:691,0
DA:692,0
DA:693,0
DA:694,0
DA:695,0
DA:706,0
DA:709,0
DA:710,0
DA:714,1
DA:715,0
DA:718,1
DA:719,0
DA:722,1
DA:723,0
DA:724,0
DA:725,0
DA:741,1
DA:742,0
DA:746,1
DA:747,0
DA:748,0
DA:749,0
DA:750,0
DA:752,0
DA:753,0
DA:754,0
DA:755,0
DA:756,0
DA:757,0
DA:758,0
DA:759,0
DA:760,0
DA:761,0
DA:764,1
LF:350
LH:99
BRDA:58,0,0,1
BRDA:58,0,1,1
BRDA:59,1,0,1
BRDA:59,1,1,1
BRDA:63,2,0,0
BRDA:64,3,0,0
BRDA:64,3,1,0
BRDA:64,4,0,0
BRDA:64,4,1,0
BRDA:75,5,0,1
BRDA:75,5,1,0
BRDA:75,6,0,1
BRDA:75,6,1,0
BRDA:90,7,0,0
BRDA:90,7,1,0
BRDA:91,8,0,0
BRDA:91,8,1,0
BRDA:102,9,0,0
BRDA:102,9,1,0
BRDA:103,10,0,0
BRDA:103,10,1,0
BRDA:150,11,0,0
BRDA:150,11,1,0
BRDA:156,12,0,0
BRDA:156,12,1,0
BRDA:157,13,0,0
BRDA:157,13,1,0
BRDA:158,14,0,0
BRDA:158,14,1,0
BRDA:175,15,0,0
BRDA:175,15,1,0
BRDA:188,16,0,0
BRDA:188,16,1,0
BRDA:218,17,0,0
BRDA:218,17,1,0
BRDA:234,18,0,0
BRDA:234,18,1,0
BRDA:247,19,0,0
BRDA:247,19,1,0
BRDA:279,20,0,0
BRDA:279,20,1,0
BRDA:279,21,0,0
BRDA:279,21,1,0
BRDA:283,22,0,0
BRDA:283,22,1,0
BRDA:283,23,0,0
BRDA:283,23,1,0
BRDA:294,24,0,0
BRDA:294,24,1,0
BRDA:311,25,0,0
BRDA:311,25,1,0
BRDA:320,26,0,0
BRDA:385,27,0,0
BRDA:385,27,1,0
BRDA:395,28,0,0
BRDA:395,28,1,0
BRDA:396,29,0,0
BRDA:396,29,1,0
BRDA:397,30,0,0
BRDA:397,30,1,0
BRDA:404,31,0,0
BRDA:404,31,1,0
BRDA:415,32,0,0
BRDA:415,32,1,0
BRDA:423,33,0,0
BRDA:423,33,1,0
BRDA:423,34,0,0
BRDA:423,34,1,0
BRDA:427,35,0,0
BRDA:427,35,1,0
BRDA:428,36,0,0
BRDA:428,36,1,0
BRDA:428,37,0,0
BRDA:428,37,1,0
BRDA:434,38,0,0
BRDA:434,38,1,0
BRDA:452,39,0,0
BRDA:452,39,1,0
BRDA:465,40,0,0
BRDA:465,40,1,0
BRDA:487,41,0,0
BRDA:487,41,1,0
BRDA:488,42,0,0
BRDA:488,42,1,0
BRDA:489,43,0,0
BRDA:489,43,1,0
BRDA:490,44,0,0
BRDA:490,44,1,0
BRDA:501,45,0,0
BRDA:501,45,1,0
BRDA:502,46,0,0
BRDA:502,46,1,0
BRDA:544,47,0,0
BRDA:544,47,1,0
BRDA:551,48,0,0
BRDA:551,48,1,0
BRDA:553,49,0,0
BRDA:553,49,1,0
BRDA:556,50,0,0
BRDA:556,50,1,0
BRDA:569,51,0,0
BRDA:569,51,1,0
BRDA:570,52,0,0
BRDA:570,52,1,0
BRDA:571,53,0,0
BRDA:571,53,1,0
BRDA:579,54,0,0
BRDA:579,54,1,0
BRDA:586,55,0,0
BRDA:586,55,1,0
BRDA:607,56,0,0
BRDA:607,56,1,0
BRDA:637,57,0,0
BRDA:637,57,1,0
BRDA:648,58,0,0
BRDA:648,58,1,0
BRDA:668,59,0,0
BRDA:668,59,1,0
BRDA:676,60,0,0
BRDA:676,60,1,0
BRDA:676,61,0,0
BRDA:676,61,1,0
BRDA:678,62,0,0
BRDA:678,62,1,0
BRDA:685,63,0,0
BRDA:685,63,1,0
BRDA:699,64,0,0
BRDA:699,64,1,0
BRDA:700,65,0,0
BRDA:700,65,1,0
BRDA:748,66,0,0
BRDA:748,66,1,0
BRDA:749,67,0,0
BRDA:749,67,1,0
BRDA:749,68,0,0
BRDA:749,68,1,0
BRF:136
BRH:6
end_of_record
